<?xml version="1.0" encoding="UTF-8"?>
<testsuites name="BatchPaymentEntry" time="315.373" tests="11" failures="0" errors="0">
   <testsuite name="BatchPaymentEntry" tests="11" failures="0" errors="0" time="315.373" timestamp="2023-08-06 22:44:43" hostname="pyramid-6 - WSAMZN-EFE5A9SD.EMCINS.com" id="Test Suites/BillingCenter/BatchPaymentEntry">
      <properties>
[...]
</properties>
      <testcase name="Test Cases/BillingCenter/Common/BC_Login" time="13.634" classname="Test Cases/BillingCenter/Common/BC_Login" status="PASSED">
         <system-out><![CDATA[2023-08-06 22:44:45 - [TEST_CASE][PASSED] - Test Cases/BillingCenter/Common/BC_Login: Test Cases/BillingCenter/Common/BC_Login

2023-08-06 22:44:45 - [TEST_STEP][PASSED] - Start listener action : gwBeforeTestCase: null

2023-08-06 22:44:45 - [TEST_STEP][PASSED] - if (Env_TestCaseId == testCaseContext.getTestCaseId()): null

2023-08-06 22:44:45 - [TEST_STEP][PASSED] - else: null

2023-08-06 22:44:45 - [TEST_STEP][PASSED] - iteration = 1: null

2023-08-06 22:44:45 - [TEST_STEP][PASSED] - Env_Iteration = iteration: null

2023-08-06 22:44:45 - [TEST_STEP][PASSED] - Env_TestCaseId = testCaseContext.getTestCaseId(): null

2023-08-06 22:44:45 - [TEST_STEP][PASSED] - Env_TestCaseVariables = testCaseContext.getTestCaseVariables(): null

2023-08-06 22:44:45 - [TEST_STEP][PASSED] - tc_start_Time = System.currentTimeMillis(): null

2023-08-06 22:44:45 - [TEST_STEP][PASSED] - date_tc_start_Time = dateformat.format(tc_start_Time): null

2023-08-06 22:44:46 - [TEST_STEP][PASSED] - callTestCase(findTestCase("Common/GW_Login"), ["GW_URL":URL_BC, "UserName":UserName, "Password":Password], STOP_ON_FAILURE): Call Test Case 'Test Cases/Common/GW_Login' successfully

2023-08-06 22:44:46 - [TEST_CASE][PASSED] - Test Cases/Common/GW_Login: Test Cases/Common/GW_Login

2023-08-06 22:44:46 - [TEST_STEP][PASSED] - openBrowser(""): Browser is opened with url: ''

2023-08-06 22:44:47 - [MESSAGE][INFO] - Starting 'Chrome' driver

2023-08-06 22:44:47 - [MESSAGE][INFO] - User set preference: ['acceptInsecureCerts', 'true']

2023-08-06 22:44:47 - [MESSAGE][INFO] - Action delay is set to 0 milliseconds

2023-08-06 22:44:50 - [MESSAGE][PASSED] - Browser is opened with url: ''

2023-08-06 22:44:50 - [TEST_STEP][PASSED] - maximizeWindow(): Current window maximized

2023-08-06 22:44:50 - [MESSAGE][PASSED] - Current window maximized

2023-08-06 22:44:50 - [TEST_STEP][PASSED] - navigateToUrl(GW_URL): Navigate to 'https://bc-qa2-corecon.emc.dev-1.us-east-1.guidewire.net' successfully

2023-08-06 22:44:51 - [MESSAGE][PASSED] - Navigate to 'https://bc-qa2-corecon.emc.dev-1.us-east-1.guidewire.net' successfully

2023-08-06 22:44:51 - [TEST_STEP][PASSED] - gw.Text.SetText(findTestObject("Common/pge_LoginScreen/txt_UserName"), UserName): gw.Text.SetText is PASSED

2023-08-06 22:44:51 - [MESSAGE][PASSED] - Wait for page load successfully

2023-08-06 22:44:52 - [MESSAGE][PASSED] - Object 'Object Repository/Common/pge_LoginScreen/txt_UserName' is visible

2023-08-06 22:44:52 - [MESSAGE][PASSED] - Object 'Object Repository/Common/pge_LoginScreen/txt_UserName' is clickable

2023-08-06 22:44:53 - [MESSAGE][PASSED] - Text 'smokeuser_np@emcins.com' is set on object 'Object Repository/Common/pge_LoginScreen/txt_UserName'

2023-08-06 22:44:53 - [MESSAGE][PASSED] - gw.Text.SetText is PASSED

2023-08-06 22:44:53 - [TEST_STEP][PASSED] - gw.Text.SetText(findTestObject("Common/pge_LoginScreen/txt_Password"), Password): gw.Text.SetText is PASSED

2023-08-06 22:44:53 - [MESSAGE][PASSED] - Wait for page load successfully

2023-08-06 22:44:53 - [MESSAGE][PASSED] - Object 'Object Repository/Common/pge_LoginScreen/txt_Password' is visible

2023-08-06 22:44:53 - [MESSAGE][PASSED] - Object 'Object Repository/Common/pge_LoginScreen/txt_Password' is clickable

2023-08-06 22:44:54 - [MESSAGE][PASSED] - Text 'gw' is set on object 'Object Repository/Common/pge_LoginScreen/txt_Password'

2023-08-06 22:44:54 - [MESSAGE][PASSED] - gw.Text.SetText is PASSED

2023-08-06 22:44:54 - [TEST_STEP][PASSED] - gw.Actions.Click(findTestObject("Common/pge_LoginScreen/btn_LogIn")): gw.Actions.Click is PASSED

2023-08-06 22:44:54 - [MESSAGE][PASSED] - Wait for page load successfully

2023-08-06 22:44:54 - [MESSAGE][PASSED] - Object 'Object Repository/Common/pge_LoginScreen/btn_LogIn' is clickable

2023-08-06 22:44:55 - [MESSAGE][PASSED] - Object: 'Object Repository/Common/pge_LoginScreen/btn_LogIn' is clicked on

2023-08-06 22:44:55 - [MESSAGE][PASSED] - gw.Actions.Click is PASSED

2023-08-06 22:44:55 - [MESSAGE][PASSED] - Call Test Case 'Test Cases/Common/GW_Login' successfully

2023-08-06 22:44:55 - [TEST_STEP][PASSED] - gw.Actions.NavigateByTab("Desktop"): gw.Actions.NavigateByTab is PASSED

2023-08-06 22:44:55 - [MESSAGE][PASSED] - Wait for page load successfully

2023-08-06 22:44:55 - [MESSAGE][PASSED] - Object 'Object Repository/Common/pge_Common/wel_TabBar' is clickable

2023-08-06 22:44:56 - [MESSAGE][PASSED] - Object: 'Object Repository/Common/pge_Common/wel_TabBar' is clicked on

2023-08-06 22:44:56 - [MESSAGE][PASSED] - gw.Actions.NavigateByTab is PASSED

2023-08-06 22:44:56 - [TEST_STEP][PASSED] - verifyElementPresent(findTestObject("Common/pge_Common/wel_MyActivities"), gWaitTimeOut): Object 'Object Repository/Common/pge_Common/wel_MyActivities' is present

2023-08-06 22:44:57 - [MESSAGE][PASSED] - Object 'Object Repository/Common/pge_Common/wel_MyActivities' is present

2023-08-06 22:44:57 - [TEST_STEP][ERROR] - Start listener action : gwAfterTestCase: org.codehaus.groovy.runtime.InvokerInvocationException: java.io.FileNotFoundException: C:\QA Scripts\emc.guidewire.katalon.updated\GW10 Automation\Reports\Execution Status.xlsx (The system cannot find the file specified)
	at GWListener.invokeMethod(GWListener.groovy)
	at com.kms.katalon.core.context.internal.TestHooker.invokeMethod(TestHooker.java:111)
	at com.kms.katalon.core.context.internal.TestHooker.lambda$3(TestHooker.java:95)
	at com.kms.katalon.core.context.internal.TestHooker.invokeContextMethods(TestHooker.java:94)
	at com.kms.katalon.core.context.internal.TestListenerCollector.lambda$3(TestListenerCollector.java:88)
	at com.kms.katalon.core.context.internal.TestListenerCollector.handleListenerEvent(TestListenerCollector.java:85)
	at com.kms.katalon.core.context.internal.ExecutionEventManager.publicEvent(ExecutionEventManager.java:36)
	at com.kms.katalon.core.main.TestCaseExecutor.execute(TestCaseExecutor.java:251)
	at com.kms.katalon.core.main.TestSuiteExecutor.accessTestCaseMainPhase(TestSuiteExecutor.java:191)
	at com.kms.katalon.core.main.TestSuiteExecutor.accessTestSuiteMainPhase(TestSuiteExecutor.java:141)
	at com.kms.katalon.core.main.TestSuiteExecutor.execute(TestSuiteExecutor.java:90)
	at com.kms.katalon.core.main.TestCaseMain.startTestSuite(TestCaseMain.java:157)
	at com.kms.katalon.core.main.TestCaseMain$startTestSuite$0.call(Unknown Source)
	at TempTestSuite1691342079987.run(TempTestSuite1691342079987.groovy:39)
Caused by: java.io.FileNotFoundException: C:\QA Scripts\emc.guidewire.katalon.updated\GW10 Automation\Reports\Execution Status.xlsx (The system cannot find the file specified)
	at common.Excel.getColumnNumber(Excel.groovy:69)
	at common.Excel.WirteToExcel(Excel.groovy:95)
	at common.Excel$WirteToExcel$0.call(Unknown Source)
	at GWListener.gwAfterTestCase(GWListener.groovy:137)
	... 14 more


2023-08-06 22:44:57 - [TEST_STEP][PASSED] - tc_end_Time = System.currentTimeMillis(): null

2023-08-06 22:44:57 - [TEST_STEP][PASSED] - date_tc_end_Time = dateformat.format(tc_end_Time): null

2023-08-06 22:44:57 - [TEST_STEP][PASSED] - (tempRowNum++): null

2023-08-06 22:44:57 - [TEST_STEP][PASSED] - testCaseID = testCaseContext.getTestCaseId(): null

2023-08-06 22:44:57 - [TEST_STEP][PASSED] - testCase = findTestCase(testCaseID): null

2023-08-06 22:44:57 - [TEST_STEP][PASSED] - testCaseName = testCase.getName(): null

2023-08-06 22:44:57 - [TEST_STEP][PASSED] - switch (testCaseContext.getTestCaseStatus()): null

2023-08-06 22:44:57 - [TEST_STEP][PASSED] - case "PASSED":: null

2023-08-06 22:44:57 - [TEST_STEP][PASSED] - (passedCnt++): null

2023-08-06 22:44:57 - [TEST_STEP][PASSED] - break: null

2023-08-06 22:44:57 - [TEST_STEP][PASSED] - if (testCaseName == "GenerateAndSendReport"): null

2023-08-06 22:44:57 - [TEST_STEP][PASSED] - if (testCaseName == "GenerateAndSaveReport"): null

2023-08-06 22:44:57 - [TEST_STEP][PASSED] - if (testCaseName == "GenerateTimeReport"): null

2023-08-06 22:44:57 - [TEST_STEP][ERROR] - if (!(testCaseName.contains("Submission")) && !(testCaseName.contains("Issurance")) && !(testCaseName.contains("NewAccount")) && !(testCaseName.contains("FNOL")) && !(testCaseName.contains("QuickClaim")) && !(testCaseName.contains("verify"))): org.codehaus.groovy.runtime.InvokerInvocationException: java.io.FileNotFoundException: C:\QA Scripts\emc.guidewire.katalon.updated\GW10 Automation\Reports\Execution Status.xlsx (The system cannot find the file specified)
	at GWListener.invokeMethod(GWListener.groovy)
	at com.kms.katalon.core.context.internal.TestHooker.invokeMethod(TestHooker.java:111)
	at com.kms.katalon.core.context.internal.TestHooker.lambda$3(TestHooker.java:95)
	at com.kms.katalon.core.context.internal.TestHooker.invokeContextMethods(TestHooker.java:94)
	at com.kms.katalon.core.context.internal.TestListenerCollector.lambda$3(TestListenerCollector.java:88)
	at com.kms.katalon.core.context.internal.TestListenerCollector.handleListenerEvent(TestListenerCollector.java:85)
	at com.kms.katalon.core.context.internal.ExecutionEventManager.publicEvent(ExecutionEventManager.java:36)
	at com.kms.katalon.core.main.TestCaseExecutor.execute(TestCaseExecutor.java:251)
	at com.kms.katalon.core.main.TestSuiteExecutor.accessTestCaseMainPhase(TestSuiteExecutor.java:191)
	at com.kms.katalon.core.main.TestSuiteExecutor.accessTestSuiteMainPhase(TestSuiteExecutor.java:141)
	at com.kms.katalon.core.main.TestSuiteExecutor.execute(TestSuiteExecutor.java:90)
	at com.kms.katalon.core.main.TestCaseMain.startTestSuite(TestCaseMain.java:157)
	at com.kms.katalon.core.main.TestCaseMain$startTestSuite$0.call(Unknown Source)
	at TempTestSuite1691342079987.run(TempTestSuite1691342079987.groovy:39)
Caused by: java.io.FileNotFoundException: C:\QA Scripts\emc.guidewire.katalon.updated\GW10 Automation\Reports\Execution Status.xlsx (The system cannot find the file specified)
	at common.Excel.getColumnNumber(Excel.groovy:69)
	at common.Excel.WirteToExcel(Excel.groovy:95)
	at common.Excel$WirteToExcel$0.call(Unknown Source)
	at GWListener.gwAfterTestCase(GWListener.groovy:137)
	... 14 more


2023-08-06 22:44:57 - [MESSAGE][ERROR] - org.codehaus.groovy.runtime.InvokerInvocationException: java.io.FileNotFoundException: C:\QA Scripts\emc.guidewire.katalon.updated\GW10 Automation\Reports\Execution Status.xlsx (The system cannot find the file specified)
	at GWListener.invokeMethod(GWListener.groovy)
	at com.kms.katalon.core.context.internal.TestHooker.invokeMethod(TestHooker.java:111)
	at com.kms.katalon.core.context.internal.TestHooker.lambda$3(TestHooker.java:95)
	at com.kms.katalon.core.context.internal.TestHooker.invokeContextMethods(TestHooker.java:94)
	at com.kms.katalon.core.context.internal.TestListenerCollector.lambda$3(TestListenerCollector.java:88)
	at com.kms.katalon.core.context.internal.TestListenerCollector.handleListenerEvent(TestListenerCollector.java:85)
	at com.kms.katalon.core.context.internal.ExecutionEventManager.publicEvent(ExecutionEventManager.java:36)
	at com.kms.katalon.core.main.TestCaseExecutor.execute(TestCaseExecutor.java:251)
	at com.kms.katalon.core.main.TestSuiteExecutor.accessTestCaseMainPhase(TestSuiteExecutor.java:191)
	at com.kms.katalon.core.main.TestSuiteExecutor.accessTestSuiteMainPhase(TestSuiteExecutor.java:141)
	at com.kms.katalon.core.main.TestSuiteExecutor.execute(TestSuiteExecutor.java:90)
	at com.kms.katalon.core.main.TestCaseMain.startTestSuite(TestCaseMain.java:157)
	at com.kms.katalon.core.main.TestCaseMain$startTestSuite$0.call(Unknown Source)
	at TempTestSuite1691342079987.run(TempTestSuite1691342079987.groovy:39)
Caused by: java.io.FileNotFoundException: C:\QA Scripts\emc.guidewire.katalon.updated\GW10 Automation\Reports\Execution Status.xlsx (The system cannot find the file specified)
	at common.Excel.getColumnNumber(Excel.groovy:69)
	at common.Excel.WirteToExcel(Excel.groovy:95)
	at common.Excel$WirteToExcel$0.call(Unknown Source)
	at GWListener.gwAfterTestCase(GWListener.groovy:137)
	... 14 more


2023-08-06 22:44:59 - [TEST_STEP][PASSED] - Video: Video recording for test case 'Test Cases/BillingCenter/Common/BC_Login' .

2023-08-06 22:44:59 - [MESSAGE][INFO] - Video recording for test case 'Test Cases/BillingCenter/Common/BC_Login' .
[[ATTACHMENT|C:\\QA Scripts\\emc.guidewire.katalon.updated\\GW10 Automation\\Reports\\20230806_224439\\BillingCenter\\BatchPaymentEntry\\20230806_224439/videos\\test_1.avi]]]]></system-out>
         <system-err><![CDATA[]]></system-err>
      </testcase>
      <testcase name="Test Cases/BillingCenter/BatchPaymentEntry/BC_NavigateBatchPaymentEntryScreen" time="3.851" classname="Test Cases/BillingCenter/BatchPaymentEntry/BC_NavigateBatchPaymentEntryScreen" status="PASSED">
         <system-out><![CDATA[2023-08-06 22:44:59 - [TEST_CASE][PASSED] - Test Cases/BillingCenter/BatchPaymentEntry/BC_NavigateBatchPaymentEntryScreen: Test Cases/BillingCenter/BatchPaymentEntry/BC_NavigateBatchPaymentEntryScreen

2023-08-06 22:44:59 - [TEST_STEP][PASSED] - Start listener action : gwBeforeTestCase: null

2023-08-06 22:44:59 - [TEST_STEP][PASSED] - if (Env_TestCaseId == testCaseContext.getTestCaseId()): null

2023-08-06 22:44:59 - [TEST_STEP][PASSED] - else: null

2023-08-06 22:44:59 - [TEST_STEP][PASSED] - iteration = 1: null

2023-08-06 22:44:59 - [TEST_STEP][PASSED] - Env_Iteration = iteration: null

2023-08-06 22:44:59 - [TEST_STEP][PASSED] - Env_TestCaseId = testCaseContext.getTestCaseId(): null

2023-08-06 22:44:59 - [TEST_STEP][PASSED] - Env_TestCaseVariables = testCaseContext.getTestCaseVariables(): null

2023-08-06 22:44:59 - [TEST_STEP][PASSED] - tc_start_Time = System.currentTimeMillis(): null

2023-08-06 22:44:59 - [TEST_STEP][PASSED] - date_tc_start_Time = dateformat.format(tc_start_Time): null

2023-08-06 22:44:59 - [TEST_STEP][PASSED] - click(findTestObject("BillingCenter/pge_BatchPaymentEntry/pge_Navigation/opt_Desktop_Actions")): Object: 'Object Repository/BillingCenter/pge_BatchPaymentEntry/pge_Navigation/opt_Desktop_Actions' is clicked on

2023-08-06 22:44:59 - [MESSAGE][PASSED] - Object: 'Object Repository/BillingCenter/pge_BatchPaymentEntry/pge_Navigation/opt_Desktop_Actions' is clicked on

2023-08-06 22:44:59 - [TEST_STEP][PASSED] - mouseOver(findTestObject("BillingCenter/pge_BatchPaymentEntry/pge_Navigation/act_NewPayment")): Object: 'Object Repository/BillingCenter/pge_BatchPaymentEntry/pge_Navigation/act_NewPayment' is hovered

2023-08-06 22:45:00 - [MESSAGE][PASSED] - Object: 'Object Repository/BillingCenter/pge_BatchPaymentEntry/pge_Navigation/act_NewPayment' is hovered

2023-08-06 22:45:00 - [TEST_STEP][PASSED] - click(findTestObject("BillingCenter/pge_BatchPaymentEntry/pge_Navigation/opt_newPayment _BatchPaymentEntry")): Object: 'Object Repository/BillingCenter/pge_BatchPaymentEntry/pge_Navigation/opt_newPayment _BatchPaymentEntry' is clicked on

2023-08-06 22:45:00 - [MESSAGE][PASSED] - Object: 'Object Repository/BillingCenter/pge_BatchPaymentEntry/pge_Navigation/opt_newPayment _BatchPaymentEntry' is clicked on

2023-08-06 22:45:00 - [TEST_STEP][ERROR] - Start listener action : gwAfterTestCase: org.codehaus.groovy.runtime.InvokerInvocationException: java.io.FileNotFoundException: C:\QA Scripts\emc.guidewire.katalon.updated\GW10 Automation\Reports\Execution Status.xlsx (The system cannot find the file specified)
	at GWListener.invokeMethod(GWListener.groovy)
	at com.kms.katalon.core.context.internal.TestHooker.invokeMethod(TestHooker.java:111)
	at com.kms.katalon.core.context.internal.TestHooker.lambda$3(TestHooker.java:95)
	at com.kms.katalon.core.context.internal.TestHooker.invokeContextMethods(TestHooker.java:94)
	at com.kms.katalon.core.context.internal.TestListenerCollector.lambda$3(TestListenerCollector.java:88)
	at com.kms.katalon.core.context.internal.TestListenerCollector.handleListenerEvent(TestListenerCollector.java:85)
	at com.kms.katalon.core.context.internal.ExecutionEventManager.publicEvent(ExecutionEventManager.java:36)
	at com.kms.katalon.core.main.TestCaseExecutor.execute(TestCaseExecutor.java:251)
	at com.kms.katalon.core.main.TestSuiteExecutor.accessTestCaseMainPhase(TestSuiteExecutor.java:191)
	at com.kms.katalon.core.main.TestSuiteExecutor.accessTestSuiteMainPhase(TestSuiteExecutor.java:141)
	at com.kms.katalon.core.main.TestSuiteExecutor.execute(TestSuiteExecutor.java:90)
	at com.kms.katalon.core.main.TestCaseMain.startTestSuite(TestCaseMain.java:157)
	at com.kms.katalon.core.main.TestCaseMain$startTestSuite$0.call(Unknown Source)
	at TempTestSuite1691342079987.run(TempTestSuite1691342079987.groovy:39)
Caused by: java.io.FileNotFoundException: C:\QA Scripts\emc.guidewire.katalon.updated\GW10 Automation\Reports\Execution Status.xlsx (The system cannot find the file specified)
	at common.Excel.getColumnNumber(Excel.groovy:69)
	at common.Excel.WirteToExcel(Excel.groovy:95)
	at common.Excel$WirteToExcel$0.call(Unknown Source)
	at GWListener.gwAfterTestCase(GWListener.groovy:137)
	... 14 more


2023-08-06 22:45:00 - [TEST_STEP][PASSED] - tc_end_Time = System.currentTimeMillis(): null

2023-08-06 22:45:00 - [TEST_STEP][PASSED] - date_tc_end_Time = dateformat.format(tc_end_Time): null

2023-08-06 22:45:00 - [TEST_STEP][PASSED] - (tempRowNum++): null

2023-08-06 22:45:00 - [TEST_STEP][PASSED] - testCaseID = testCaseContext.getTestCaseId(): null

2023-08-06 22:45:00 - [TEST_STEP][PASSED] - testCase = findTestCase(testCaseID): null

2023-08-06 22:45:00 - [TEST_STEP][PASSED] - testCaseName = testCase.getName(): null

2023-08-06 22:45:00 - [TEST_STEP][PASSED] - switch (testCaseContext.getTestCaseStatus()): null

2023-08-06 22:45:00 - [TEST_STEP][PASSED] - case "PASSED":: null

2023-08-06 22:45:00 - [TEST_STEP][PASSED] - (passedCnt++): null

2023-08-06 22:45:00 - [TEST_STEP][PASSED] - break: null

2023-08-06 22:45:00 - [TEST_STEP][PASSED] - if (testCaseName == "GenerateAndSendReport"): null

2023-08-06 22:45:00 - [TEST_STEP][PASSED] - if (testCaseName == "GenerateAndSaveReport"): null

2023-08-06 22:45:00 - [TEST_STEP][PASSED] - if (testCaseName == "GenerateTimeReport"): null

2023-08-06 22:45:00 - [TEST_STEP][ERROR] - if (!(testCaseName.contains("Submission")) && !(testCaseName.contains("Issurance")) && !(testCaseName.contains("NewAccount")) && !(testCaseName.contains("FNOL")) && !(testCaseName.contains("QuickClaim")) && !(testCaseName.contains("verify"))): org.codehaus.groovy.runtime.InvokerInvocationException: java.io.FileNotFoundException: C:\QA Scripts\emc.guidewire.katalon.updated\GW10 Automation\Reports\Execution Status.xlsx (The system cannot find the file specified)
	at GWListener.invokeMethod(GWListener.groovy)
	at com.kms.katalon.core.context.internal.TestHooker.invokeMethod(TestHooker.java:111)
	at com.kms.katalon.core.context.internal.TestHooker.lambda$3(TestHooker.java:95)
	at com.kms.katalon.core.context.internal.TestHooker.invokeContextMethods(TestHooker.java:94)
	at com.kms.katalon.core.context.internal.TestListenerCollector.lambda$3(TestListenerCollector.java:88)
	at com.kms.katalon.core.context.internal.TestListenerCollector.handleListenerEvent(TestListenerCollector.java:85)
	at com.kms.katalon.core.context.internal.ExecutionEventManager.publicEvent(ExecutionEventManager.java:36)
	at com.kms.katalon.core.main.TestCaseExecutor.execute(TestCaseExecutor.java:251)
	at com.kms.katalon.core.main.TestSuiteExecutor.accessTestCaseMainPhase(TestSuiteExecutor.java:191)
	at com.kms.katalon.core.main.TestSuiteExecutor.accessTestSuiteMainPhase(TestSuiteExecutor.java:141)
	at com.kms.katalon.core.main.TestSuiteExecutor.execute(TestSuiteExecutor.java:90)
	at com.kms.katalon.core.main.TestCaseMain.startTestSuite(TestCaseMain.java:157)
	at com.kms.katalon.core.main.TestCaseMain$startTestSuite$0.call(Unknown Source)
	at TempTestSuite1691342079987.run(TempTestSuite1691342079987.groovy:39)
Caused by: java.io.FileNotFoundException: C:\QA Scripts\emc.guidewire.katalon.updated\GW10 Automation\Reports\Execution Status.xlsx (The system cannot find the file specified)
	at common.Excel.getColumnNumber(Excel.groovy:69)
	at common.Excel.WirteToExcel(Excel.groovy:95)
	at common.Excel$WirteToExcel$0.call(Unknown Source)
	at GWListener.gwAfterTestCase(GWListener.groovy:137)
	... 14 more


2023-08-06 22:45:01 - [MESSAGE][ERROR] - org.codehaus.groovy.runtime.InvokerInvocationException: java.io.FileNotFoundException: C:\QA Scripts\emc.guidewire.katalon.updated\GW10 Automation\Reports\Execution Status.xlsx (The system cannot find the file specified)
	at GWListener.invokeMethod(GWListener.groovy)
	at com.kms.katalon.core.context.internal.TestHooker.invokeMethod(TestHooker.java:111)
	at com.kms.katalon.core.context.internal.TestHooker.lambda$3(TestHooker.java:95)
	at com.kms.katalon.core.context.internal.TestHooker.invokeContextMethods(TestHooker.java:94)
	at com.kms.katalon.core.context.internal.TestListenerCollector.lambda$3(TestListenerCollector.java:88)
	at com.kms.katalon.core.context.internal.TestListenerCollector.handleListenerEvent(TestListenerCollector.java:85)
	at com.kms.katalon.core.context.internal.ExecutionEventManager.publicEvent(ExecutionEventManager.java:36)
	at com.kms.katalon.core.main.TestCaseExecutor.execute(TestCaseExecutor.java:251)
	at com.kms.katalon.core.main.TestSuiteExecutor.accessTestCaseMainPhase(TestSuiteExecutor.java:191)
	at com.kms.katalon.core.main.TestSuiteExecutor.accessTestSuiteMainPhase(TestSuiteExecutor.java:141)
	at com.kms.katalon.core.main.TestSuiteExecutor.execute(TestSuiteExecutor.java:90)
	at com.kms.katalon.core.main.TestCaseMain.startTestSuite(TestCaseMain.java:157)
	at com.kms.katalon.core.main.TestCaseMain$startTestSuite$0.call(Unknown Source)
	at TempTestSuite1691342079987.run(TempTestSuite1691342079987.groovy:39)
Caused by: java.io.FileNotFoundException: C:\QA Scripts\emc.guidewire.katalon.updated\GW10 Automation\Reports\Execution Status.xlsx (The system cannot find the file specified)
	at common.Excel.getColumnNumber(Excel.groovy:69)
	at common.Excel.WirteToExcel(Excel.groovy:95)
	at common.Excel$WirteToExcel$0.call(Unknown Source)
	at GWListener.gwAfterTestCase(GWListener.groovy:137)
	... 14 more


2023-08-06 22:45:03 - [TEST_STEP][PASSED] - Video: Video recording for test case 'Test Cases/BillingCenter/BatchPaymentEntry/BC_NavigateBatchPaymentEntryScreen' .

2023-08-06 22:45:03 - [MESSAGE][INFO] - Video recording for test case 'Test Cases/BillingCenter/BatchPaymentEntry/BC_NavigateBatchPaymentEntryScreen' .
[[ATTACHMENT|C:\\QA Scripts\\emc.guidewire.katalon.updated\\GW10 Automation\\Reports\\20230806_224439\\BillingCenter\\BatchPaymentEntry\\20230806_224439/videos\\test_2.avi]]]]></system-out>
         <system-err><![CDATA[]]></system-err>
      </testcase>
      <testcase name="Test Cases/BillingCenter/BatchPaymentEntry/BC_MultiplePaymentEntryandVerification_AccountLevel" time="27.85" classname="Test Cases/BillingCenter/BatchPaymentEntry/BC_MultiplePaymentEntryandVerification_AccountLevel" status="PASSED">
         <system-out><![CDATA[2023-08-06 22:45:03 - [TEST_CASE][PASSED] - Test Cases/BillingCenter/BatchPaymentEntry/BC_MultiplePaymentEntryandVerification_AccountLevel: Test Cases/BillingCenter/BatchPaymentEntry/BC_MultiplePaymentEntryandVerification_AccountLevel

2023-08-06 22:45:03 - [TEST_STEP][PASSED] - Start listener action : gwBeforeTestCase: null

2023-08-06 22:45:03 - [TEST_STEP][PASSED] - if (Env_TestCaseId == testCaseContext.getTestCaseId()): null

2023-08-06 22:45:03 - [TEST_STEP][PASSED] - else: null

2023-08-06 22:45:03 - [TEST_STEP][PASSED] - iteration = 1: null

2023-08-06 22:45:03 - [TEST_STEP][PASSED] - Env_Iteration = iteration: null

2023-08-06 22:45:03 - [TEST_STEP][PASSED] - Env_TestCaseId = testCaseContext.getTestCaseId(): null

2023-08-06 22:45:03 - [TEST_STEP][PASSED] - Env_TestCaseVariables = testCaseContext.getTestCaseVariables(): null

2023-08-06 22:45:03 - [TEST_STEP][PASSED] - tc_start_Time = System.currentTimeMillis(): null

2023-08-06 22:45:03 - [TEST_STEP][PASSED] - date_tc_start_Time = dateformat.format(tc_start_Time): null

2023-08-06 22:45:03 - [TEST_STEP][PASSED] - selectOptionByLabel(findTestObject("BillingCenter/pge_BatchPaymentEntry/screen_MultiplePaymentWizard/lst_Source"), Source, false, CONTINUE_ON_FAILURE): All options with label 'Branch' are selected in object 'Object Repository/BillingCenter/pge_BatchPaymentEntry/screen_MultiplePaymentWizard/lst_Source' 

2023-08-06 22:45:04 - [MESSAGE][PASSED] - All options with label 'Branch' are selected in object 'Object Repository/BillingCenter/pge_BatchPaymentEntry/screen_MultiplePaymentWizard/lst_Source' 

2023-08-06 22:45:04 - [TEST_STEP][PASSED] - setText(findTestObject("BillingCenter/pge_BatchPaymentEntry/screen_MultiplePaymentWizard/txt_BatchAmount"), BatchAmount, CONTINUE_ON_FAILURE): Text '2' is set on object 'Object Repository/BillingCenter/pge_BatchPaymentEntry/screen_MultiplePaymentWizard/txt_BatchAmount'

2023-08-06 22:45:06 - [MESSAGE][PASSED] - Text '2' is set on object 'Object Repository/BillingCenter/pge_BatchPaymentEntry/screen_MultiplePaymentWizard/txt_BatchAmount'

2023-08-06 22:45:06 - [TEST_STEP][PASSED] - sendKeys(findTestObject("BillingCenter/pge_BatchPaymentEntry/screen_MultiplePaymentWizard/txt_BatchAmount"), Keys.chord(TAB)): Keys 'TAB + ' sent to object: 'Object Repository/BillingCenter/pge_BatchPaymentEntry/screen_MultiplePaymentWizard/txt_BatchAmount'

2023-08-06 22:45:06 - [MESSAGE][PASSED] - Keys 'TAB + ' sent to object: 'Object Repository/BillingCenter/pge_BatchPaymentEntry/screen_MultiplePaymentWizard/txt_BatchAmount'

2023-08-06 22:45:06 - [TEST_STEP][PASSED] - selectOptionByLabel(findTestObject("BillingCenter/pge_BatchPaymentEntry/screen_MultiplePaymentWizard/lst_Type"), Type, false, CONTINUE_ON_FAILURE): All options with label 'Payment' are selected in object 'Object Repository/BillingCenter/pge_BatchPaymentEntry/screen_MultiplePaymentWizard/lst_Type' 

2023-08-06 22:45:07 - [MESSAGE][PASSED] - All options with label 'Payment' are selected in object 'Object Repository/BillingCenter/pge_BatchPaymentEntry/screen_MultiplePaymentWizard/lst_Type' 

2023-08-06 22:45:07 - [TEST_STEP][PASSED] - verifyElementVisible(findTestObject("BillingCenter/pge_BatchPaymentEntry/screen_MultiplePaymentWizard/txt_Account"), CONTINUE_ON_FAILURE): Object 'Object Repository/BillingCenter/pge_BatchPaymentEntry/screen_MultiplePaymentWizard/txt_Account' is visible

2023-08-06 22:45:08 - [MESSAGE][PASSED] - Object 'Object Repository/BillingCenter/pge_BatchPaymentEntry/screen_MultiplePaymentWizard/txt_Account' is visible

2023-08-06 22:45:08 - [TEST_STEP][PASSED] - setText(findTestObject("BillingCenter/pge_BatchPaymentEntry/screen_MultiplePaymentWizard/txt_Account"), Account): Text '3062523' is set on object 'Object Repository/BillingCenter/pge_BatchPaymentEntry/screen_MultiplePaymentWizard/txt_Account'

2023-08-06 22:45:09 - [MESSAGE][PASSED] - Text '3062523' is set on object 'Object Repository/BillingCenter/pge_BatchPaymentEntry/screen_MultiplePaymentWizard/txt_Account'

2023-08-06 22:45:09 - [TEST_STEP][PASSED] - clearText(findTestObject("BillingCenter/pge_BatchPaymentEntry/screen_MultiplePaymentWizard/txt_Amount"), CONTINUE_ON_FAILURE): Text of object 'Object Repository/BillingCenter/pge_BatchPaymentEntry/screen_MultiplePaymentWizard/txt_Amount' is cleared

2023-08-06 22:45:09 - [MESSAGE][PASSED] - Text of object 'Object Repository/BillingCenter/pge_BatchPaymentEntry/screen_MultiplePaymentWizard/txt_Amount' is cleared

2023-08-06 22:45:09 - [TEST_STEP][PASSED] - setText(findTestObject("BillingCenter/pge_BatchPaymentEntry/screen_MultiplePaymentWizard/txt_Amount"), Amount, CONTINUE_ON_FAILURE): Text '2' is set on object 'Object Repository/BillingCenter/pge_BatchPaymentEntry/screen_MultiplePaymentWizard/txt_Amount'

2023-08-06 22:45:10 - [MESSAGE][PASSED] - Text '2' is set on object 'Object Repository/BillingCenter/pge_BatchPaymentEntry/screen_MultiplePaymentWizard/txt_Amount'

2023-08-06 22:45:10 - [TEST_STEP][PASSED] - sendKeys(findTestObject("BillingCenter/pge_BatchPaymentEntry/screen_MultiplePaymentWizard/txt_Amount"), Keys.chord(TAB)): Keys 'TAB + ' sent to object: 'Object Repository/BillingCenter/pge_BatchPaymentEntry/screen_MultiplePaymentWizard/txt_Amount'

2023-08-06 22:45:11 - [MESSAGE][PASSED] - Keys 'TAB + ' sent to object: 'Object Repository/BillingCenter/pge_BatchPaymentEntry/screen_MultiplePaymentWizard/txt_Amount'

2023-08-06 22:45:11 - [TEST_STEP][PASSED] - verifyElementVisible(findTestObject("BillingCenter/pge_BatchPaymentEntry/screen_MultiplePaymentWizard/txt_CheckRef"), CONTINUE_ON_FAILURE): Object 'Object Repository/BillingCenter/pge_BatchPaymentEntry/screen_MultiplePaymentWizard/txt_CheckRef' is visible

2023-08-06 22:45:11 - [MESSAGE][PASSED] - Object 'Object Repository/BillingCenter/pge_BatchPaymentEntry/screen_MultiplePaymentWizard/txt_CheckRef' is visible

2023-08-06 22:45:11 - [TEST_STEP][PASSED] - setText(findTestObject("BillingCenter/pge_BatchPaymentEntry/screen_MultiplePaymentWizard/txt_CheckRef"), CheckRef, CONTINUE_ON_FAILURE): Text '9988776655' is set on object 'Object Repository/BillingCenter/pge_BatchPaymentEntry/screen_MultiplePaymentWizard/txt_CheckRef'

2023-08-06 22:45:12 - [MESSAGE][PASSED] - Text '9988776655' is set on object 'Object Repository/BillingCenter/pge_BatchPaymentEntry/screen_MultiplePaymentWizard/txt_CheckRef'

2023-08-06 22:45:12 - [TEST_STEP][PASSED] - setText(findTestObject("BillingCenter/pge_BatchPaymentEntry/screen_MultiplePaymentWizard/txt_Description"), Description, CONTINUE_ON_FAILURE): Text 'Payment on account level' is set on object 'Object Repository/BillingCenter/pge_BatchPaymentEntry/screen_MultiplePaymentWizard/txt_Description'

2023-08-06 22:45:13 - [MESSAGE][PASSED] - Text 'Payment on account level' is set on object 'Object Repository/BillingCenter/pge_BatchPaymentEntry/screen_MultiplePaymentWizard/txt_Description'

2023-08-06 22:45:13 - [TEST_STEP][PASSED] - selectOptionByLabel(findTestObject("BillingCenter/pge_BatchPaymentEntry/screen_MultiplePaymentWizard/lst_PaymentInstrument"), PaymentInstrument, false, CONTINUE_ON_FAILURE): All options with label 'Cash' are selected in object 'Object Repository/BillingCenter/pge_BatchPaymentEntry/screen_MultiplePaymentWizard/lst_PaymentInstrument' 

2023-08-06 22:45:14 - [MESSAGE][PASSED] - All options with label 'Cash' are selected in object 'Object Repository/BillingCenter/pge_BatchPaymentEntry/screen_MultiplePaymentWizard/lst_PaymentInstrument' 

2023-08-06 22:45:14 - [TEST_STEP][PASSED] - click(findTestObject("BillingCenter/pge_BatchPaymentEntry/screen_MultiplePaymentWizard/btn_Next"), CONTINUE_ON_FAILURE): Object: 'Object Repository/BillingCenter/pge_BatchPaymentEntry/screen_MultiplePaymentWizard/btn_Next' is clicked on

2023-08-06 22:45:15 - [MESSAGE][PASSED] - Object: 'Object Repository/BillingCenter/pge_BatchPaymentEntry/screen_MultiplePaymentWizard/btn_Next' is clicked on

2023-08-06 22:45:15 - [TEST_STEP][PASSED] - BatchNumber = getText(findTestObject("BillingCenter/pge_BatchPaymentEntry/screen_MultiplePaymentWizard/val_BatchNumber"), CONTINUE_ON_FAILURE): Text of object 'Object Repository/BillingCenter/pge_BatchPaymentEntry/screen_MultiplePaymentWizard/val_BatchNumber' is: 'BA07172026-1411'

2023-08-06 22:45:15 - [MESSAGE][PASSED] - Text of object 'Object Repository/BillingCenter/pge_BatchPaymentEntry/screen_MultiplePaymentWizard/val_BatchNumber' is: 'BA07172026-1411'

2023-08-06 22:45:15 - [TEST_STEP][PASSED] - comment("Posted Payment Batch Number " + BatchNumber): Posted Payment Batch Number BA07172026-1411

2023-08-06 22:45:15 - [MESSAGE][INFO] - Posted Payment Batch Number BA07172026-1411

2023-08-06 22:45:15 - [TEST_STEP][PASSED] - click(findTestObject("BillingCenter/pge_BatchPaymentEntry/screen_MultiplePaymentWizard/btn_Post"), CONTINUE_ON_FAILURE): Object: 'Object Repository/BillingCenter/pge_BatchPaymentEntry/screen_MultiplePaymentWizard/btn_Post' is clicked on

2023-08-06 22:45:16 - [MESSAGE][PASSED] - Object: 'Object Repository/BillingCenter/pge_BatchPaymentEntry/screen_MultiplePaymentWizard/btn_Post' is clicked on

2023-08-06 22:45:16 - [TEST_STEP][PASSED] - verifyElementPresent(findTestObject("BillingCenter/pge_BatchPaymentEntry/screen_BatchJobs/fld_GoTo_Quickjump"), 0): Object 'Object Repository/BillingCenter/pge_BatchPaymentEntry/screen_BatchJobs/fld_GoTo_Quickjump' is present

2023-08-06 22:45:16 - [MESSAGE][WARNING] - Timeout '0' is invalid. Using default page load timeout: '2'

2023-08-06 22:45:16 - [MESSAGE][PASSED] - Object 'Object Repository/BillingCenter/pge_BatchPaymentEntry/screen_BatchJobs/fld_GoTo_Quickjump' is present

2023-08-06 22:45:16 - [TEST_STEP][PASSED] - sendKeys(findTestObject("BillingCenter/pge_BatchPaymentEntry/screen_BatchJobs/fld_GoTo_Quickjump"), "runBatchProcess PostBatchPayment_sp"): Keys 'runBatchProcess PostBatchPayment_sp' sent to object: 'Object Repository/BillingCenter/pge_BatchPaymentEntry/screen_BatchJobs/fld_GoTo_Quickjump'

2023-08-06 22:45:17 - [MESSAGE][PASSED] - Keys 'runBatchProcess PostBatchPayment_sp' sent to object: 'Object Repository/BillingCenter/pge_BatchPaymentEntry/screen_BatchJobs/fld_GoTo_Quickjump'

2023-08-06 22:45:17 - [TEST_STEP][PASSED] - sendKeys(findTestObject("BillingCenter/pge_BatchPaymentEntry/screen_BatchJobs/fld_GoTo_Quickjump"), Keys.chord(ENTER)): Keys 'ENTER + ' sent to object: 'Object Repository/BillingCenter/pge_BatchPaymentEntry/screen_BatchJobs/fld_GoTo_Quickjump'

2023-08-06 22:45:17 - [MESSAGE][PASSED] - Keys 'ENTER + ' sent to object: 'Object Repository/BillingCenter/pge_BatchPaymentEntry/screen_BatchJobs/fld_GoTo_Quickjump'

2023-08-06 22:45:17 - [TEST_STEP][PASSED] - click(findTestObject("BillingCenter/pge_BatchPaymentEntry/screen_Verify_PostedPayments/opt_AccountSearch")): Object: 'Object Repository/BillingCenter/pge_BatchPaymentEntry/screen_Verify_PostedPayments/opt_AccountSearch' is clicked on

2023-08-06 22:45:18 - [MESSAGE][PASSED] - Object: 'Object Repository/BillingCenter/pge_BatchPaymentEntry/screen_Verify_PostedPayments/opt_AccountSearch' is clicked on

2023-08-06 22:45:18 - [TEST_STEP][PASSED] - sendKeys(findTestObject("BillingCenter/pge_BatchPaymentEntry/screen_Verify_PostedPayments/fld_SearchAccount"), Account): Keys '3062523' sent to object: 'Object Repository/BillingCenter/pge_BatchPaymentEntry/screen_Verify_PostedPayments/fld_SearchAccount'

2023-08-06 22:45:19 - [MESSAGE][PASSED] - Keys '3062523' sent to object: 'Object Repository/BillingCenter/pge_BatchPaymentEntry/screen_Verify_PostedPayments/fld_SearchAccount'

2023-08-06 22:45:19 - [TEST_STEP][PASSED] - click(findTestObject("BillingCenter/pge_BatchPaymentEntry/screen_Verify_PostedPayments/icon_SearchAccount")): Object: 'Object Repository/BillingCenter/pge_BatchPaymentEntry/screen_Verify_PostedPayments/icon_SearchAccount' is clicked on

2023-08-06 22:45:19 - [MESSAGE][PASSED] - Object: 'Object Repository/BillingCenter/pge_BatchPaymentEntry/screen_Verify_PostedPayments/icon_SearchAccount' is clicked on

2023-08-06 22:45:19 - [TEST_STEP][PASSED] - click(findTestObject("BillingCenter/pge_BatchPaymentEntry/screen_Verify_PostedPayments/icon_PaymentsDownArrow")): Object: 'Object Repository/BillingCenter/pge_BatchPaymentEntry/screen_Verify_PostedPayments/icon_PaymentsDownArrow' is clicked on

2023-08-06 22:45:20 - [MESSAGE][PASSED] - Object: 'Object Repository/BillingCenter/pge_BatchPaymentEntry/screen_Verify_PostedPayments/icon_PaymentsDownArrow' is clicked on

2023-08-06 22:45:20 - [TEST_STEP][PASSED] - click(findTestObject("BillingCenter/pge_BatchPaymentEntry/screen_Verify_PostedPayments/opt_PaymentsAccount")): Object: 'Object Repository/BillingCenter/pge_BatchPaymentEntry/screen_Verify_PostedPayments/opt_PaymentsAccount' is clicked on

2023-08-06 22:45:20 - [MESSAGE][PASSED] - Object: 'Object Repository/BillingCenter/pge_BatchPaymentEntry/screen_Verify_PostedPayments/opt_PaymentsAccount' is clicked on

2023-08-06 22:45:20 - [TEST_STEP][PASSED] - driver = getWebDriver(): null

2023-08-06 22:45:20 - [TEST_STEP][PASSED] - Table = driver.findElement(By.xpath("//*[@id='AccountPayments-AccountDetailPaymentsScreen-DirectBillPaymentsListDetail-AccountDBPaymentsLV']//tbody")): null

2023-08-06 22:45:21 - [TEST_STEP][PASSED] - elementsinColumn = gw.Table.getTableElementsByColumn(Table, 8): gw.Table.getTableElementsByColumn is PASSED

2023-08-06 22:45:26 - [MESSAGE][PASSED] - gw.Table.getTableElementsByColumn is PASSED

2023-08-06 22:45:26 - [TEST_STEP][PASSED] - comment("Elements after function call to getTableElementsByColumn " + elementsinColumn): Elements after function call to getTableElementsByColumn [Batch Number, BA07172026-1411, BA07172026-1404, BA07172026-1404, BA07172026-1386, BA07172026-1379, BA07172026-1372, BA07172026-1372, BA07172026-1368, BA07172026-1368, BA07162026-1335, BA07162026-1328, BA07162026-1324, BA07162026-1320, BA07162026-1316, BA07162026-1312]

2023-08-06 22:45:26 - [MESSAGE][INFO] - Elements after function call to getTableElementsByColumn [Batch Number, BA07172026-1411, BA07172026-1404, BA07172026-1404, BA07172026-1386, BA07172026-1379, BA07172026-1372, BA07172026-1372, BA07172026-1368, BA07172026-1368, BA07162026-1335, BA07162026-1328, BA07162026-1324, BA07162026-1320, BA07162026-1316, BA07162026-1312]

2023-08-06 22:45:26 - [TEST_STEP][PASSED] - if (elementsinColumn.contains(BatchNumber)): Account Payment Batch Number Found

2023-08-06 22:45:26 - [TEST_STEP][PASSED] - markPassed("Account Payment Batch Number Found"): Account Payment Batch Number Found

2023-08-06 22:45:26 - [MESSAGE][PASSED] - Account Payment Batch Number Found

2023-08-06 22:45:26 - [TEST_STEP][PASSED] - click(findTestObject("BillingCenter/pge_BatchPaymentEntry/screen_Verify_PostedPayments/lbl_DesktopOption")): Object: 'Object Repository/BillingCenter/pge_BatchPaymentEntry/screen_Verify_PostedPayments/lbl_DesktopOption' is clicked on

2023-08-06 22:45:27 - [MESSAGE][PASSED] - Object: 'Object Repository/BillingCenter/pge_BatchPaymentEntry/screen_Verify_PostedPayments/lbl_DesktopOption' is clicked on

2023-08-06 22:45:27 - [TEST_STEP][PASSED] - callTestCase(findTestCase("BillingCenter/BatchPaymentEntry/BC_NavigateBatchPaymentEntryScreen"), [:]): Call Test Case 'Test Cases/BillingCenter/BatchPaymentEntry/BC_NavigateBatchPaymentEntryScreen' successfully

2023-08-06 22:45:27 - [TEST_CASE][PASSED] - Test Cases/BillingCenter/BatchPaymentEntry/BC_NavigateBatchPaymentEntryScreen: Test Cases/BillingCenter/BatchPaymentEntry/BC_NavigateBatchPaymentEntryScreen

2023-08-06 22:45:27 - [TEST_STEP][PASSED] - click(findTestObject("BillingCenter/pge_BatchPaymentEntry/pge_Navigation/opt_Desktop_Actions")): Object: 'Object Repository/BillingCenter/pge_BatchPaymentEntry/pge_Navigation/opt_Desktop_Actions' is clicked on

2023-08-06 22:45:27 - [MESSAGE][PASSED] - Object: 'Object Repository/BillingCenter/pge_BatchPaymentEntry/pge_Navigation/opt_Desktop_Actions' is clicked on

2023-08-06 22:45:27 - [TEST_STEP][PASSED] - mouseOver(findTestObject("BillingCenter/pge_BatchPaymentEntry/pge_Navigation/act_NewPayment")): Object: 'Object Repository/BillingCenter/pge_BatchPaymentEntry/pge_Navigation/act_NewPayment' is hovered

2023-08-06 22:45:28 - [MESSAGE][PASSED] - Object: 'Object Repository/BillingCenter/pge_BatchPaymentEntry/pge_Navigation/act_NewPayment' is hovered

2023-08-06 22:45:28 - [TEST_STEP][PASSED] - click(findTestObject("BillingCenter/pge_BatchPaymentEntry/pge_Navigation/opt_newPayment _BatchPaymentEntry")): Object: 'Object Repository/BillingCenter/pge_BatchPaymentEntry/pge_Navigation/opt_newPayment _BatchPaymentEntry' is clicked on

2023-08-06 22:45:28 - [MESSAGE][PASSED] - Object: 'Object Repository/BillingCenter/pge_BatchPaymentEntry/pge_Navigation/opt_newPayment _BatchPaymentEntry' is clicked on

2023-08-06 22:45:28 - [MESSAGE][PASSED] - Call Test Case 'Test Cases/BillingCenter/BatchPaymentEntry/BC_NavigateBatchPaymentEntryScreen' successfully

2023-08-06 22:45:28 - [TEST_STEP][PASSED] - for (def index : (0..0)): null

2023-08-06 22:45:28 - [TEST_STEP][ERROR] - Start listener action : gwAfterTestCase: org.codehaus.groovy.runtime.InvokerInvocationException: java.io.FileNotFoundException: C:\QA Scripts\emc.guidewire.katalon.updated\GW10 Automation\Reports\Execution Status.xlsx (The system cannot find the file specified)
	at GWListener.invokeMethod(GWListener.groovy)
	at com.kms.katalon.core.context.internal.TestHooker.invokeMethod(TestHooker.java:111)
	at com.kms.katalon.core.context.internal.TestHooker.lambda$3(TestHooker.java:95)
	at com.kms.katalon.core.context.internal.TestHooker.invokeContextMethods(TestHooker.java:94)
	at com.kms.katalon.core.context.internal.TestListenerCollector.lambda$3(TestListenerCollector.java:88)
	at com.kms.katalon.core.context.internal.TestListenerCollector.handleListenerEvent(TestListenerCollector.java:85)
	at com.kms.katalon.core.context.internal.ExecutionEventManager.publicEvent(ExecutionEventManager.java:36)
	at com.kms.katalon.core.main.TestCaseExecutor.execute(TestCaseExecutor.java:251)
	at com.kms.katalon.core.main.TestSuiteExecutor.accessTestCaseMainPhase(TestSuiteExecutor.java:191)
	at com.kms.katalon.core.main.TestSuiteExecutor.accessTestSuiteMainPhase(TestSuiteExecutor.java:141)
	at com.kms.katalon.core.main.TestSuiteExecutor.execute(TestSuiteExecutor.java:90)
	at com.kms.katalon.core.main.TestCaseMain.startTestSuite(TestCaseMain.java:157)
	at com.kms.katalon.core.main.TestCaseMain$startTestSuite$0.call(Unknown Source)
	at TempTestSuite1691342079987.run(TempTestSuite1691342079987.groovy:39)
Caused by: java.io.FileNotFoundException: C:\QA Scripts\emc.guidewire.katalon.updated\GW10 Automation\Reports\Execution Status.xlsx (The system cannot find the file specified)
	at common.Excel.getColumnNumber(Excel.groovy:69)
	at common.Excel.WirteToExcel(Excel.groovy:95)
	at common.Excel$WirteToExcel$0.call(Unknown Source)
	at GWListener.gwAfterTestCase(GWListener.groovy:137)
	... 14 more


2023-08-06 22:45:28 - [TEST_STEP][PASSED] - tc_end_Time = System.currentTimeMillis(): null

2023-08-06 22:45:28 - [TEST_STEP][PASSED] - date_tc_end_Time = dateformat.format(tc_end_Time): null

2023-08-06 22:45:28 - [TEST_STEP][PASSED] - (tempRowNum++): null

2023-08-06 22:45:28 - [TEST_STEP][PASSED] - testCaseID = testCaseContext.getTestCaseId(): null

2023-08-06 22:45:28 - [TEST_STEP][PASSED] - testCase = findTestCase(testCaseID): null

2023-08-06 22:45:28 - [TEST_STEP][PASSED] - testCaseName = testCase.getName(): null

2023-08-06 22:45:28 - [TEST_STEP][PASSED] - switch (testCaseContext.getTestCaseStatus()): null

2023-08-06 22:45:28 - [TEST_STEP][PASSED] - case "PASSED":: null

2023-08-06 22:45:28 - [TEST_STEP][PASSED] - (passedCnt++): null

2023-08-06 22:45:28 - [TEST_STEP][PASSED] - break: null

2023-08-06 22:45:28 - [TEST_STEP][PASSED] - if (testCaseName == "GenerateAndSendReport"): null

2023-08-06 22:45:28 - [TEST_STEP][PASSED] - if (testCaseName == "GenerateAndSaveReport"): null

2023-08-06 22:45:28 - [TEST_STEP][PASSED] - if (testCaseName == "GenerateTimeReport"): null

2023-08-06 22:45:28 - [TEST_STEP][ERROR] - if (!(testCaseName.contains("Submission")) && !(testCaseName.contains("Issurance")) && !(testCaseName.contains("NewAccount")) && !(testCaseName.contains("FNOL")) && !(testCaseName.contains("QuickClaim")) && !(testCaseName.contains("verify"))): org.codehaus.groovy.runtime.InvokerInvocationException: java.io.FileNotFoundException: C:\QA Scripts\emc.guidewire.katalon.updated\GW10 Automation\Reports\Execution Status.xlsx (The system cannot find the file specified)
	at GWListener.invokeMethod(GWListener.groovy)
	at com.kms.katalon.core.context.internal.TestHooker.invokeMethod(TestHooker.java:111)
	at com.kms.katalon.core.context.internal.TestHooker.lambda$3(TestHooker.java:95)
	at com.kms.katalon.core.context.internal.TestHooker.invokeContextMethods(TestHooker.java:94)
	at com.kms.katalon.core.context.internal.TestListenerCollector.lambda$3(TestListenerCollector.java:88)
	at com.kms.katalon.core.context.internal.TestListenerCollector.handleListenerEvent(TestListenerCollector.java:85)
	at com.kms.katalon.core.context.internal.ExecutionEventManager.publicEvent(ExecutionEventManager.java:36)
	at com.kms.katalon.core.main.TestCaseExecutor.execute(TestCaseExecutor.java:251)
	at com.kms.katalon.core.main.TestSuiteExecutor.accessTestCaseMainPhase(TestSuiteExecutor.java:191)
	at com.kms.katalon.core.main.TestSuiteExecutor.accessTestSuiteMainPhase(TestSuiteExecutor.java:141)
	at com.kms.katalon.core.main.TestSuiteExecutor.execute(TestSuiteExecutor.java:90)
	at com.kms.katalon.core.main.TestCaseMain.startTestSuite(TestCaseMain.java:157)
	at com.kms.katalon.core.main.TestCaseMain$startTestSuite$0.call(Unknown Source)
	at TempTestSuite1691342079987.run(TempTestSuite1691342079987.groovy:39)
Caused by: java.io.FileNotFoundException: C:\QA Scripts\emc.guidewire.katalon.updated\GW10 Automation\Reports\Execution Status.xlsx (The system cannot find the file specified)
	at common.Excel.getColumnNumber(Excel.groovy:69)
	at common.Excel.WirteToExcel(Excel.groovy:95)
	at common.Excel$WirteToExcel$0.call(Unknown Source)
	at GWListener.gwAfterTestCase(GWListener.groovy:137)
	... 14 more


2023-08-06 22:45:28 - [MESSAGE][ERROR] - org.codehaus.groovy.runtime.InvokerInvocationException: java.io.FileNotFoundException: C:\QA Scripts\emc.guidewire.katalon.updated\GW10 Automation\Reports\Execution Status.xlsx (The system cannot find the file specified)
	at GWListener.invokeMethod(GWListener.groovy)
	at com.kms.katalon.core.context.internal.TestHooker.invokeMethod(TestHooker.java:111)
	at com.kms.katalon.core.context.internal.TestHooker.lambda$3(TestHooker.java:95)
	at com.kms.katalon.core.context.internal.TestHooker.invokeContextMethods(TestHooker.java:94)
	at com.kms.katalon.core.context.internal.TestListenerCollector.lambda$3(TestListenerCollector.java:88)
	at com.kms.katalon.core.context.internal.TestListenerCollector.handleListenerEvent(TestListenerCollector.java:85)
	at com.kms.katalon.core.context.internal.ExecutionEventManager.publicEvent(ExecutionEventManager.java:36)
	at com.kms.katalon.core.main.TestCaseExecutor.execute(TestCaseExecutor.java:251)
	at com.kms.katalon.core.main.TestSuiteExecutor.accessTestCaseMainPhase(TestSuiteExecutor.java:191)
	at com.kms.katalon.core.main.TestSuiteExecutor.accessTestSuiteMainPhase(TestSuiteExecutor.java:141)
	at com.kms.katalon.core.main.TestSuiteExecutor.execute(TestSuiteExecutor.java:90)
	at com.kms.katalon.core.main.TestCaseMain.startTestSuite(TestCaseMain.java:157)
	at com.kms.katalon.core.main.TestCaseMain$startTestSuite$0.call(Unknown Source)
	at TempTestSuite1691342079987.run(TempTestSuite1691342079987.groovy:39)
Caused by: java.io.FileNotFoundException: C:\QA Scripts\emc.guidewire.katalon.updated\GW10 Automation\Reports\Execution Status.xlsx (The system cannot find the file specified)
	at common.Excel.getColumnNumber(Excel.groovy:69)
	at common.Excel.WirteToExcel(Excel.groovy:95)
	at common.Excel$WirteToExcel$0.call(Unknown Source)
	at GWListener.gwAfterTestCase(GWListener.groovy:137)
	... 14 more


2023-08-06 22:45:30 - [TEST_STEP][PASSED] - Video: Video recording for test case 'Test Cases/BillingCenter/BatchPaymentEntry/BC_MultiplePaymentEntryandVerification_AccountLevel' .

2023-08-06 22:45:30 - [MESSAGE][INFO] - Video recording for test case 'Test Cases/BillingCenter/BatchPaymentEntry/BC_MultiplePaymentEntryandVerification_AccountLevel' .
[[ATTACHMENT|C:\\QA Scripts\\emc.guidewire.katalon.updated\\GW10 Automation\\Reports\\20230806_224439\\BillingCenter\\BatchPaymentEntry\\20230806_224439/videos\\test_3.avi]]]]></system-out>
         <system-err><![CDATA[]]></system-err>
      </testcase>
      <testcase name="Test Cases/BillingCenter/BatchPaymentEntry/BC_MultiplePaymentEntryandVerification_AccountLevel" time="23.049" classname="Test Cases/BillingCenter/BatchPaymentEntry/BC_MultiplePaymentEntryandVerification_AccountLevel" status="PASSED">
         <system-out><![CDATA[2023-08-06 22:45:31 - [TEST_CASE][PASSED] - Test Cases/BillingCenter/BatchPaymentEntry/BC_MultiplePaymentEntryandVerification_AccountLevel: Test Cases/BillingCenter/BatchPaymentEntry/BC_MultiplePaymentEntryandVerification_AccountLevel

2023-08-06 22:45:31 - [TEST_STEP][PASSED] - Start listener action : gwBeforeTestCase: null

2023-08-06 22:45:31 - [TEST_STEP][PASSED] - if (Env_TestCaseId == testCaseContext.getTestCaseId()): null

2023-08-06 22:45:31 - [TEST_STEP][PASSED] - Env_Iteration = iteration: null

2023-08-06 22:45:31 - [TEST_STEP][PASSED] - Env_TestCaseId = testCaseContext.getTestCaseId(): null

2023-08-06 22:45:31 - [TEST_STEP][PASSED] - Env_TestCaseVariables = testCaseContext.getTestCaseVariables(): null

2023-08-06 22:45:31 - [TEST_STEP][PASSED] - tc_start_Time = System.currentTimeMillis(): null

2023-08-06 22:45:31 - [TEST_STEP][PASSED] - date_tc_start_Time = dateformat.format(tc_start_Time): null

2023-08-06 22:45:31 - [TEST_STEP][PASSED] - selectOptionByLabel(findTestObject("BillingCenter/pge_BatchPaymentEntry/screen_MultiplePaymentWizard/lst_Source"), Source, false, CONTINUE_ON_FAILURE): All options with label 'Cash Accounting' are selected in object 'Object Repository/BillingCenter/pge_BatchPaymentEntry/screen_MultiplePaymentWizard/lst_Source' 

2023-08-06 22:45:31 - [MESSAGE][PASSED] - All options with label 'Cash Accounting' are selected in object 'Object Repository/BillingCenter/pge_BatchPaymentEntry/screen_MultiplePaymentWizard/lst_Source' 

2023-08-06 22:45:31 - [TEST_STEP][PASSED] - setText(findTestObject("BillingCenter/pge_BatchPaymentEntry/screen_MultiplePaymentWizard/txt_BatchAmount"), BatchAmount, CONTINUE_ON_FAILURE): Text '3.5' is set on object 'Object Repository/BillingCenter/pge_BatchPaymentEntry/screen_MultiplePaymentWizard/txt_BatchAmount'

2023-08-06 22:45:32 - [MESSAGE][PASSED] - Text '3.5' is set on object 'Object Repository/BillingCenter/pge_BatchPaymentEntry/screen_MultiplePaymentWizard/txt_BatchAmount'

2023-08-06 22:45:32 - [TEST_STEP][PASSED] - sendKeys(findTestObject("BillingCenter/pge_BatchPaymentEntry/screen_MultiplePaymentWizard/txt_BatchAmount"), Keys.chord(TAB)): Keys 'TAB + ' sent to object: 'Object Repository/BillingCenter/pge_BatchPaymentEntry/screen_MultiplePaymentWizard/txt_BatchAmount'

2023-08-06 22:45:33 - [MESSAGE][PASSED] - Keys 'TAB + ' sent to object: 'Object Repository/BillingCenter/pge_BatchPaymentEntry/screen_MultiplePaymentWizard/txt_BatchAmount'

2023-08-06 22:45:33 - [TEST_STEP][PASSED] - selectOptionByLabel(findTestObject("BillingCenter/pge_BatchPaymentEntry/screen_MultiplePaymentWizard/lst_Type"), Type, false, CONTINUE_ON_FAILURE): All options with label 'Payment' are selected in object 'Object Repository/BillingCenter/pge_BatchPaymentEntry/screen_MultiplePaymentWizard/lst_Type' 

2023-08-06 22:45:34 - [MESSAGE][PASSED] - All options with label 'Payment' are selected in object 'Object Repository/BillingCenter/pge_BatchPaymentEntry/screen_MultiplePaymentWizard/lst_Type' 

2023-08-06 22:45:34 - [TEST_STEP][PASSED] - verifyElementVisible(findTestObject("BillingCenter/pge_BatchPaymentEntry/screen_MultiplePaymentWizard/txt_Account"), CONTINUE_ON_FAILURE): Object 'Object Repository/BillingCenter/pge_BatchPaymentEntry/screen_MultiplePaymentWizard/txt_Account' is visible

2023-08-06 22:45:34 - [MESSAGE][PASSED] - Object 'Object Repository/BillingCenter/pge_BatchPaymentEntry/screen_MultiplePaymentWizard/txt_Account' is visible

2023-08-06 22:45:34 - [TEST_STEP][PASSED] - setText(findTestObject("BillingCenter/pge_BatchPaymentEntry/screen_MultiplePaymentWizard/txt_Account"), Account): Text '3062524' is set on object 'Object Repository/BillingCenter/pge_BatchPaymentEntry/screen_MultiplePaymentWizard/txt_Account'

2023-08-06 22:45:35 - [MESSAGE][PASSED] - Text '3062524' is set on object 'Object Repository/BillingCenter/pge_BatchPaymentEntry/screen_MultiplePaymentWizard/txt_Account'

2023-08-06 22:45:35 - [TEST_STEP][PASSED] - clearText(findTestObject("BillingCenter/pge_BatchPaymentEntry/screen_MultiplePaymentWizard/txt_Amount"), CONTINUE_ON_FAILURE): Text of object 'Object Repository/BillingCenter/pge_BatchPaymentEntry/screen_MultiplePaymentWizard/txt_Amount' is cleared

2023-08-06 22:45:36 - [MESSAGE][PASSED] - Text of object 'Object Repository/BillingCenter/pge_BatchPaymentEntry/screen_MultiplePaymentWizard/txt_Amount' is cleared

2023-08-06 22:45:36 - [TEST_STEP][PASSED] - setText(findTestObject("BillingCenter/pge_BatchPaymentEntry/screen_MultiplePaymentWizard/txt_Amount"), Amount, CONTINUE_ON_FAILURE): Text '3.5' is set on object 'Object Repository/BillingCenter/pge_BatchPaymentEntry/screen_MultiplePaymentWizard/txt_Amount'

2023-08-06 22:45:37 - [MESSAGE][PASSED] - Text '3.5' is set on object 'Object Repository/BillingCenter/pge_BatchPaymentEntry/screen_MultiplePaymentWizard/txt_Amount'

2023-08-06 22:45:37 - [TEST_STEP][PASSED] - sendKeys(findTestObject("BillingCenter/pge_BatchPaymentEntry/screen_MultiplePaymentWizard/txt_Amount"), Keys.chord(TAB)): Keys 'TAB + ' sent to object: 'Object Repository/BillingCenter/pge_BatchPaymentEntry/screen_MultiplePaymentWizard/txt_Amount'

2023-08-06 22:45:38 - [MESSAGE][PASSED] - Keys 'TAB + ' sent to object: 'Object Repository/BillingCenter/pge_BatchPaymentEntry/screen_MultiplePaymentWizard/txt_Amount'

2023-08-06 22:45:38 - [TEST_STEP][PASSED] - verifyElementVisible(findTestObject("BillingCenter/pge_BatchPaymentEntry/screen_MultiplePaymentWizard/txt_CheckRef"), CONTINUE_ON_FAILURE): Object 'Object Repository/BillingCenter/pge_BatchPaymentEntry/screen_MultiplePaymentWizard/txt_CheckRef' is visible

2023-08-06 22:45:38 - [MESSAGE][PASSED] - Object 'Object Repository/BillingCenter/pge_BatchPaymentEntry/screen_MultiplePaymentWizard/txt_CheckRef' is visible

2023-08-06 22:45:38 - [TEST_STEP][PASSED] - setText(findTestObject("BillingCenter/pge_BatchPaymentEntry/screen_MultiplePaymentWizard/txt_CheckRef"), CheckRef, CONTINUE_ON_FAILURE): Text '8877665544' is set on object 'Object Repository/BillingCenter/pge_BatchPaymentEntry/screen_MultiplePaymentWizard/txt_CheckRef'

2023-08-06 22:45:39 - [MESSAGE][PASSED] - Text '8877665544' is set on object 'Object Repository/BillingCenter/pge_BatchPaymentEntry/screen_MultiplePaymentWizard/txt_CheckRef'

2023-08-06 22:45:39 - [TEST_STEP][PASSED] - setText(findTestObject("BillingCenter/pge_BatchPaymentEntry/screen_MultiplePaymentWizard/txt_Description"), Description, CONTINUE_ON_FAILURE): Text 'Payment on account' is set on object 'Object Repository/BillingCenter/pge_BatchPaymentEntry/screen_MultiplePaymentWizard/txt_Description'

2023-08-06 22:45:40 - [MESSAGE][PASSED] - Text 'Payment on account' is set on object 'Object Repository/BillingCenter/pge_BatchPaymentEntry/screen_MultiplePaymentWizard/txt_Description'

2023-08-06 22:45:40 - [TEST_STEP][PASSED] - selectOptionByLabel(findTestObject("BillingCenter/pge_BatchPaymentEntry/screen_MultiplePaymentWizard/lst_PaymentInstrument"), PaymentInstrument, false, CONTINUE_ON_FAILURE): All options with label 'Check' are selected in object 'Object Repository/BillingCenter/pge_BatchPaymentEntry/screen_MultiplePaymentWizard/lst_PaymentInstrument' 

2023-08-06 22:45:41 - [MESSAGE][PASSED] - All options with label 'Check' are selected in object 'Object Repository/BillingCenter/pge_BatchPaymentEntry/screen_MultiplePaymentWizard/lst_PaymentInstrument' 

2023-08-06 22:45:41 - [TEST_STEP][PASSED] - click(findTestObject("BillingCenter/pge_BatchPaymentEntry/screen_MultiplePaymentWizard/btn_Next"), CONTINUE_ON_FAILURE): Object: 'Object Repository/BillingCenter/pge_BatchPaymentEntry/screen_MultiplePaymentWizard/btn_Next' is clicked on

2023-08-06 22:45:41 - [MESSAGE][PASSED] - Object: 'Object Repository/BillingCenter/pge_BatchPaymentEntry/screen_MultiplePaymentWizard/btn_Next' is clicked on

2023-08-06 22:45:41 - [TEST_STEP][PASSED] - BatchNumber = getText(findTestObject("BillingCenter/pge_BatchPaymentEntry/screen_MultiplePaymentWizard/val_BatchNumber"), CONTINUE_ON_FAILURE): Text of object 'Object Repository/BillingCenter/pge_BatchPaymentEntry/screen_MultiplePaymentWizard/val_BatchNumber' is: 'CA07172026-1414'

2023-08-06 22:45:42 - [MESSAGE][PASSED] - Text of object 'Object Repository/BillingCenter/pge_BatchPaymentEntry/screen_MultiplePaymentWizard/val_BatchNumber' is: 'CA07172026-1414'

2023-08-06 22:45:42 - [TEST_STEP][PASSED] - comment("Posted Payment Batch Number " + BatchNumber): Posted Payment Batch Number CA07172026-1414

2023-08-06 22:45:42 - [MESSAGE][INFO] - Posted Payment Batch Number CA07172026-1414

2023-08-06 22:45:42 - [TEST_STEP][PASSED] - click(findTestObject("BillingCenter/pge_BatchPaymentEntry/screen_MultiplePaymentWizard/btn_Post"), CONTINUE_ON_FAILURE): Object: 'Object Repository/BillingCenter/pge_BatchPaymentEntry/screen_MultiplePaymentWizard/btn_Post' is clicked on

2023-08-06 22:45:42 - [MESSAGE][PASSED] - Object: 'Object Repository/BillingCenter/pge_BatchPaymentEntry/screen_MultiplePaymentWizard/btn_Post' is clicked on

2023-08-06 22:45:42 - [TEST_STEP][PASSED] - verifyElementPresent(findTestObject("BillingCenter/pge_BatchPaymentEntry/screen_BatchJobs/fld_GoTo_Quickjump"), 0): Object 'Object Repository/BillingCenter/pge_BatchPaymentEntry/screen_BatchJobs/fld_GoTo_Quickjump' is present

2023-08-06 22:45:43 - [MESSAGE][WARNING] - Timeout '0' is invalid. Using default page load timeout: '2'

2023-08-06 22:45:43 - [MESSAGE][PASSED] - Object 'Object Repository/BillingCenter/pge_BatchPaymentEntry/screen_BatchJobs/fld_GoTo_Quickjump' is present

2023-08-06 22:45:43 - [TEST_STEP][PASSED] - sendKeys(findTestObject("BillingCenter/pge_BatchPaymentEntry/screen_BatchJobs/fld_GoTo_Quickjump"), "runBatchProcess PostBatchPayment_sp"): Keys 'runBatchProcess PostBatchPayment_sp' sent to object: 'Object Repository/BillingCenter/pge_BatchPaymentEntry/screen_BatchJobs/fld_GoTo_Quickjump'

2023-08-06 22:45:44 - [MESSAGE][PASSED] - Keys 'runBatchProcess PostBatchPayment_sp' sent to object: 'Object Repository/BillingCenter/pge_BatchPaymentEntry/screen_BatchJobs/fld_GoTo_Quickjump'

2023-08-06 22:45:44 - [TEST_STEP][PASSED] - sendKeys(findTestObject("BillingCenter/pge_BatchPaymentEntry/screen_BatchJobs/fld_GoTo_Quickjump"), Keys.chord(ENTER)): Keys 'ENTER + ' sent to object: 'Object Repository/BillingCenter/pge_BatchPaymentEntry/screen_BatchJobs/fld_GoTo_Quickjump'

2023-08-06 22:45:44 - [MESSAGE][PASSED] - Keys 'ENTER + ' sent to object: 'Object Repository/BillingCenter/pge_BatchPaymentEntry/screen_BatchJobs/fld_GoTo_Quickjump'

2023-08-06 22:45:44 - [TEST_STEP][PASSED] - click(findTestObject("BillingCenter/pge_BatchPaymentEntry/screen_Verify_PostedPayments/opt_AccountSearch")): Object: 'Object Repository/BillingCenter/pge_BatchPaymentEntry/screen_Verify_PostedPayments/opt_AccountSearch' is clicked on

2023-08-06 22:45:45 - [MESSAGE][PASSED] - Object: 'Object Repository/BillingCenter/pge_BatchPaymentEntry/screen_Verify_PostedPayments/opt_AccountSearch' is clicked on

2023-08-06 22:45:45 - [TEST_STEP][PASSED] - sendKeys(findTestObject("BillingCenter/pge_BatchPaymentEntry/screen_Verify_PostedPayments/fld_SearchAccount"), Account): Keys '3062524' sent to object: 'Object Repository/BillingCenter/pge_BatchPaymentEntry/screen_Verify_PostedPayments/fld_SearchAccount'

2023-08-06 22:45:45 - [MESSAGE][PASSED] - Keys '3062524' sent to object: 'Object Repository/BillingCenter/pge_BatchPaymentEntry/screen_Verify_PostedPayments/fld_SearchAccount'

2023-08-06 22:45:45 - [TEST_STEP][PASSED] - click(findTestObject("BillingCenter/pge_BatchPaymentEntry/screen_Verify_PostedPayments/icon_SearchAccount")): Object: 'Object Repository/BillingCenter/pge_BatchPaymentEntry/screen_Verify_PostedPayments/icon_SearchAccount' is clicked on

2023-08-06 22:45:46 - [MESSAGE][PASSED] - Object: 'Object Repository/BillingCenter/pge_BatchPaymentEntry/screen_Verify_PostedPayments/icon_SearchAccount' is clicked on

2023-08-06 22:45:46 - [TEST_STEP][PASSED] - click(findTestObject("BillingCenter/pge_BatchPaymentEntry/screen_Verify_PostedPayments/icon_PaymentsDownArrow")): Object: 'Object Repository/BillingCenter/pge_BatchPaymentEntry/screen_Verify_PostedPayments/icon_PaymentsDownArrow' is clicked on

2023-08-06 22:45:47 - [MESSAGE][PASSED] - Object: 'Object Repository/BillingCenter/pge_BatchPaymentEntry/screen_Verify_PostedPayments/icon_PaymentsDownArrow' is clicked on

2023-08-06 22:45:47 - [TEST_STEP][PASSED] - click(findTestObject("BillingCenter/pge_BatchPaymentEntry/screen_Verify_PostedPayments/opt_PaymentsAccount")): Object: 'Object Repository/BillingCenter/pge_BatchPaymentEntry/screen_Verify_PostedPayments/opt_PaymentsAccount' is clicked on

2023-08-06 22:45:47 - [MESSAGE][PASSED] - Object: 'Object Repository/BillingCenter/pge_BatchPaymentEntry/screen_Verify_PostedPayments/opt_PaymentsAccount' is clicked on

2023-08-06 22:45:47 - [TEST_STEP][PASSED] - driver = getWebDriver(): null

2023-08-06 22:45:47 - [TEST_STEP][PASSED] - Table = driver.findElement(By.xpath("//*[@id='AccountPayments-AccountDetailPaymentsScreen-DirectBillPaymentsListDetail-AccountDBPaymentsLV']//tbody")): null

2023-08-06 22:45:48 - [TEST_STEP][PASSED] - elementsinColumn = gw.Table.getTableElementsByColumn(Table, 8): gw.Table.getTableElementsByColumn is PASSED

2023-08-06 22:45:49 - [MESSAGE][PASSED] - gw.Table.getTableElementsByColumn is PASSED

2023-08-06 22:45:49 - [TEST_STEP][PASSED] - comment("Elements after function call to getTableElementsByColumn " + elementsinColumn): Elements after function call to getTableElementsByColumn [Batch Number, CA07172026-1414, CA07172026-1382, CA07162026-1331, CA07042026-1230]

2023-08-06 22:45:49 - [MESSAGE][INFO] - Elements after function call to getTableElementsByColumn [Batch Number, CA07172026-1414, CA07172026-1382, CA07162026-1331, CA07042026-1230]

2023-08-06 22:45:49 - [TEST_STEP][PASSED] - if (elementsinColumn.contains(BatchNumber)): Account Payment Batch Number Found

2023-08-06 22:45:49 - [TEST_STEP][PASSED] - markPassed("Account Payment Batch Number Found"): Account Payment Batch Number Found

2023-08-06 22:45:49 - [MESSAGE][PASSED] - Account Payment Batch Number Found

2023-08-06 22:45:49 - [TEST_STEP][PASSED] - click(findTestObject("BillingCenter/pge_BatchPaymentEntry/screen_Verify_PostedPayments/lbl_DesktopOption")): Object: 'Object Repository/BillingCenter/pge_BatchPaymentEntry/screen_Verify_PostedPayments/lbl_DesktopOption' is clicked on

2023-08-06 22:45:50 - [MESSAGE][PASSED] - Object: 'Object Repository/BillingCenter/pge_BatchPaymentEntry/screen_Verify_PostedPayments/lbl_DesktopOption' is clicked on

2023-08-06 22:45:50 - [TEST_STEP][PASSED] - callTestCase(findTestCase("BillingCenter/BatchPaymentEntry/BC_NavigateBatchPaymentEntryScreen"), [:]): Call Test Case 'Test Cases/BillingCenter/BatchPaymentEntry/BC_NavigateBatchPaymentEntryScreen' successfully

2023-08-06 22:45:50 - [TEST_CASE][PASSED] - Test Cases/BillingCenter/BatchPaymentEntry/BC_NavigateBatchPaymentEntryScreen: Test Cases/BillingCenter/BatchPaymentEntry/BC_NavigateBatchPaymentEntryScreen

2023-08-06 22:45:50 - [TEST_STEP][PASSED] - click(findTestObject("BillingCenter/pge_BatchPaymentEntry/pge_Navigation/opt_Desktop_Actions")): Object: 'Object Repository/BillingCenter/pge_BatchPaymentEntry/pge_Navigation/opt_Desktop_Actions' is clicked on

2023-08-06 22:45:51 - [MESSAGE][PASSED] - Object: 'Object Repository/BillingCenter/pge_BatchPaymentEntry/pge_Navigation/opt_Desktop_Actions' is clicked on

2023-08-06 22:45:51 - [TEST_STEP][PASSED] - mouseOver(findTestObject("BillingCenter/pge_BatchPaymentEntry/pge_Navigation/act_NewPayment")): Object: 'Object Repository/BillingCenter/pge_BatchPaymentEntry/pge_Navigation/act_NewPayment' is hovered

2023-08-06 22:45:51 - [MESSAGE][PASSED] - Object: 'Object Repository/BillingCenter/pge_BatchPaymentEntry/pge_Navigation/act_NewPayment' is hovered

2023-08-06 22:45:51 - [TEST_STEP][PASSED] - click(findTestObject("BillingCenter/pge_BatchPaymentEntry/pge_Navigation/opt_newPayment _BatchPaymentEntry")): Object: 'Object Repository/BillingCenter/pge_BatchPaymentEntry/pge_Navigation/opt_newPayment _BatchPaymentEntry' is clicked on

2023-08-06 22:45:51 - [MESSAGE][PASSED] - Object: 'Object Repository/BillingCenter/pge_BatchPaymentEntry/pge_Navigation/opt_newPayment _BatchPaymentEntry' is clicked on

2023-08-06 22:45:51 - [MESSAGE][PASSED] - Call Test Case 'Test Cases/BillingCenter/BatchPaymentEntry/BC_NavigateBatchPaymentEntryScreen' successfully

2023-08-06 22:45:51 - [TEST_STEP][PASSED] - for (def index : (0..0)): null

2023-08-06 22:45:51 - [TEST_STEP][ERROR] - Start listener action : gwAfterTestCase: org.codehaus.groovy.runtime.InvokerInvocationException: java.io.FileNotFoundException: C:\QA Scripts\emc.guidewire.katalon.updated\GW10 Automation\Reports\Execution Status.xlsx (The system cannot find the file specified)
	at GWListener.invokeMethod(GWListener.groovy)
	at com.kms.katalon.core.context.internal.TestHooker.invokeMethod(TestHooker.java:111)
	at com.kms.katalon.core.context.internal.TestHooker.lambda$3(TestHooker.java:95)
	at com.kms.katalon.core.context.internal.TestHooker.invokeContextMethods(TestHooker.java:94)
	at com.kms.katalon.core.context.internal.TestListenerCollector.lambda$3(TestListenerCollector.java:88)
	at com.kms.katalon.core.context.internal.TestListenerCollector.handleListenerEvent(TestListenerCollector.java:85)
	at com.kms.katalon.core.context.internal.ExecutionEventManager.publicEvent(ExecutionEventManager.java:36)
	at com.kms.katalon.core.main.TestCaseExecutor.execute(TestCaseExecutor.java:251)
	at com.kms.katalon.core.main.TestSuiteExecutor.accessTestCaseMainPhase(TestSuiteExecutor.java:191)
	at com.kms.katalon.core.main.TestSuiteExecutor.accessTestSuiteMainPhase(TestSuiteExecutor.java:141)
	at com.kms.katalon.core.main.TestSuiteExecutor.execute(TestSuiteExecutor.java:90)
	at com.kms.katalon.core.main.TestCaseMain.startTestSuite(TestCaseMain.java:157)
	at com.kms.katalon.core.main.TestCaseMain$startTestSuite$0.call(Unknown Source)
	at TempTestSuite1691342079987.run(TempTestSuite1691342079987.groovy:39)
Caused by: java.io.FileNotFoundException: C:\QA Scripts\emc.guidewire.katalon.updated\GW10 Automation\Reports\Execution Status.xlsx (The system cannot find the file specified)
	at common.Excel.getColumnNumber(Excel.groovy:69)
	at common.Excel.WirteToExcel(Excel.groovy:95)
	at common.Excel$WirteToExcel$0.call(Unknown Source)
	at GWListener.gwAfterTestCase(GWListener.groovy:137)
	... 14 more


2023-08-06 22:45:51 - [TEST_STEP][PASSED] - tc_end_Time = System.currentTimeMillis(): null

2023-08-06 22:45:51 - [TEST_STEP][PASSED] - date_tc_end_Time = dateformat.format(tc_end_Time): null

2023-08-06 22:45:51 - [TEST_STEP][PASSED] - (tempRowNum++): null

2023-08-06 22:45:51 - [TEST_STEP][PASSED] - testCaseID = testCaseContext.getTestCaseId(): null

2023-08-06 22:45:51 - [TEST_STEP][PASSED] - testCase = findTestCase(testCaseID): null

2023-08-06 22:45:51 - [TEST_STEP][PASSED] - testCaseName = testCase.getName(): null

2023-08-06 22:45:51 - [TEST_STEP][PASSED] - switch (testCaseContext.getTestCaseStatus()): null

2023-08-06 22:45:51 - [TEST_STEP][PASSED] - case "PASSED":: null

2023-08-06 22:45:51 - [TEST_STEP][PASSED] - (passedCnt++): null

2023-08-06 22:45:51 - [TEST_STEP][PASSED] - break: null

2023-08-06 22:45:52 - [TEST_STEP][PASSED] - if (testCaseName == "GenerateAndSendReport"): null

2023-08-06 22:45:52 - [TEST_STEP][PASSED] - if (testCaseName == "GenerateAndSaveReport"): null

2023-08-06 22:45:52 - [TEST_STEP][PASSED] - if (testCaseName == "GenerateTimeReport"): null

2023-08-06 22:45:52 - [TEST_STEP][ERROR] - if (!(testCaseName.contains("Submission")) && !(testCaseName.contains("Issurance")) && !(testCaseName.contains("NewAccount")) && !(testCaseName.contains("FNOL")) && !(testCaseName.contains("QuickClaim")) && !(testCaseName.contains("verify"))): org.codehaus.groovy.runtime.InvokerInvocationException: java.io.FileNotFoundException: C:\QA Scripts\emc.guidewire.katalon.updated\GW10 Automation\Reports\Execution Status.xlsx (The system cannot find the file specified)
	at GWListener.invokeMethod(GWListener.groovy)
	at com.kms.katalon.core.context.internal.TestHooker.invokeMethod(TestHooker.java:111)
	at com.kms.katalon.core.context.internal.TestHooker.lambda$3(TestHooker.java:95)
	at com.kms.katalon.core.context.internal.TestHooker.invokeContextMethods(TestHooker.java:94)
	at com.kms.katalon.core.context.internal.TestListenerCollector.lambda$3(TestListenerCollector.java:88)
	at com.kms.katalon.core.context.internal.TestListenerCollector.handleListenerEvent(TestListenerCollector.java:85)
	at com.kms.katalon.core.context.internal.ExecutionEventManager.publicEvent(ExecutionEventManager.java:36)
	at com.kms.katalon.core.main.TestCaseExecutor.execute(TestCaseExecutor.java:251)
	at com.kms.katalon.core.main.TestSuiteExecutor.accessTestCaseMainPhase(TestSuiteExecutor.java:191)
	at com.kms.katalon.core.main.TestSuiteExecutor.accessTestSuiteMainPhase(TestSuiteExecutor.java:141)
	at com.kms.katalon.core.main.TestSuiteExecutor.execute(TestSuiteExecutor.java:90)
	at com.kms.katalon.core.main.TestCaseMain.startTestSuite(TestCaseMain.java:157)
	at com.kms.katalon.core.main.TestCaseMain$startTestSuite$0.call(Unknown Source)
	at TempTestSuite1691342079987.run(TempTestSuite1691342079987.groovy:39)
Caused by: java.io.FileNotFoundException: C:\QA Scripts\emc.guidewire.katalon.updated\GW10 Automation\Reports\Execution Status.xlsx (The system cannot find the file specified)
	at common.Excel.getColumnNumber(Excel.groovy:69)
	at common.Excel.WirteToExcel(Excel.groovy:95)
	at common.Excel$WirteToExcel$0.call(Unknown Source)
	at GWListener.gwAfterTestCase(GWListener.groovy:137)
	... 14 more


2023-08-06 22:45:52 - [MESSAGE][ERROR] - org.codehaus.groovy.runtime.InvokerInvocationException: java.io.FileNotFoundException: C:\QA Scripts\emc.guidewire.katalon.updated\GW10 Automation\Reports\Execution Status.xlsx (The system cannot find the file specified)
	at GWListener.invokeMethod(GWListener.groovy)
	at com.kms.katalon.core.context.internal.TestHooker.invokeMethod(TestHooker.java:111)
	at com.kms.katalon.core.context.internal.TestHooker.lambda$3(TestHooker.java:95)
	at com.kms.katalon.core.context.internal.TestHooker.invokeContextMethods(TestHooker.java:94)
	at com.kms.katalon.core.context.internal.TestListenerCollector.lambda$3(TestListenerCollector.java:88)
	at com.kms.katalon.core.context.internal.TestListenerCollector.handleListenerEvent(TestListenerCollector.java:85)
	at com.kms.katalon.core.context.internal.ExecutionEventManager.publicEvent(ExecutionEventManager.java:36)
	at com.kms.katalon.core.main.TestCaseExecutor.execute(TestCaseExecutor.java:251)
	at com.kms.katalon.core.main.TestSuiteExecutor.accessTestCaseMainPhase(TestSuiteExecutor.java:191)
	at com.kms.katalon.core.main.TestSuiteExecutor.accessTestSuiteMainPhase(TestSuiteExecutor.java:141)
	at com.kms.katalon.core.main.TestSuiteExecutor.execute(TestSuiteExecutor.java:90)
	at com.kms.katalon.core.main.TestCaseMain.startTestSuite(TestCaseMain.java:157)
	at com.kms.katalon.core.main.TestCaseMain$startTestSuite$0.call(Unknown Source)
	at TempTestSuite1691342079987.run(TempTestSuite1691342079987.groovy:39)
Caused by: java.io.FileNotFoundException: C:\QA Scripts\emc.guidewire.katalon.updated\GW10 Automation\Reports\Execution Status.xlsx (The system cannot find the file specified)
	at common.Excel.getColumnNumber(Excel.groovy:69)
	at common.Excel.WirteToExcel(Excel.groovy:95)
	at common.Excel$WirteToExcel$0.call(Unknown Source)
	at GWListener.gwAfterTestCase(GWListener.groovy:137)
	... 14 more


2023-08-06 22:45:54 - [TEST_STEP][PASSED] - Video: Video recording for test case 'Test Cases/BillingCenter/BatchPaymentEntry/BC_MultiplePaymentEntryandVerification_AccountLevel' .

2023-08-06 22:45:54 - [MESSAGE][INFO] - Video recording for test case 'Test Cases/BillingCenter/BatchPaymentEntry/BC_MultiplePaymentEntryandVerification_AccountLevel' .
[[ATTACHMENT|C:\\QA Scripts\\emc.guidewire.katalon.updated\\GW10 Automation\\Reports\\20230806_224439\\BillingCenter\\BatchPaymentEntry\\20230806_224439/videos\\test_4.avi]]]]></system-out>
         <system-err><![CDATA[]]></system-err>
      </testcase>
      <testcase name="Test Cases/BillingCenter/BatchPaymentEntry/BC_MultiplePaymentEntryandVerification_InvoiceLevel" time="27.478" classname="Test Cases/BillingCenter/BatchPaymentEntry/BC_MultiplePaymentEntryandVerification_InvoiceLevel" status="PASSED">
         <system-out><![CDATA[2023-08-06 22:45:54 - [TEST_CASE][PASSED] - Test Cases/BillingCenter/BatchPaymentEntry/BC_MultiplePaymentEntryandVerification_InvoiceLevel: Test Cases/BillingCenter/BatchPaymentEntry/BC_MultiplePaymentEntryandVerification_InvoiceLevel

2023-08-06 22:45:54 - [TEST_STEP][PASSED] - Start listener action : gwBeforeTestCase: null

2023-08-06 22:45:54 - [TEST_STEP][PASSED] - if (Env_TestCaseId == testCaseContext.getTestCaseId()): null

2023-08-06 22:45:54 - [TEST_STEP][PASSED] - else: null

2023-08-06 22:45:54 - [TEST_STEP][PASSED] - iteration = 1: null

2023-08-06 22:45:54 - [TEST_STEP][PASSED] - Env_Iteration = iteration: null

2023-08-06 22:45:54 - [TEST_STEP][PASSED] - Env_TestCaseId = testCaseContext.getTestCaseId(): null

2023-08-06 22:45:54 - [TEST_STEP][PASSED] - Env_TestCaseVariables = testCaseContext.getTestCaseVariables(): null

2023-08-06 22:45:54 - [TEST_STEP][PASSED] - tc_start_Time = System.currentTimeMillis(): null

2023-08-06 22:45:54 - [TEST_STEP][PASSED] - date_tc_start_Time = dateformat.format(tc_start_Time): null

2023-08-06 22:45:54 - [TEST_STEP][PASSED] - selectOptionByLabel(findTestObject("BillingCenter/pge_BatchPaymentEntry/screen_MultiplePaymentWizard/lst_Source"), Source, false, CONTINUE_ON_FAILURE): All options with label 'Branch' are selected in object 'Object Repository/BillingCenter/pge_BatchPaymentEntry/screen_MultiplePaymentWizard/lst_Source' 

2023-08-06 22:45:55 - [MESSAGE][PASSED] - All options with label 'Branch' are selected in object 'Object Repository/BillingCenter/pge_BatchPaymentEntry/screen_MultiplePaymentWizard/lst_Source' 

2023-08-06 22:45:55 - [TEST_STEP][PASSED] - setText(findTestObject("BillingCenter/pge_BatchPaymentEntry/screen_MultiplePaymentWizard/txt_BatchAmount"), BatchAmount, CONTINUE_ON_FAILURE): Text '10' is set on object 'Object Repository/BillingCenter/pge_BatchPaymentEntry/screen_MultiplePaymentWizard/txt_BatchAmount'

2023-08-06 22:45:57 - [MESSAGE][PASSED] - Text '10' is set on object 'Object Repository/BillingCenter/pge_BatchPaymentEntry/screen_MultiplePaymentWizard/txt_BatchAmount'

2023-08-06 22:45:57 - [TEST_STEP][PASSED] - sendKeys(findTestObject("BillingCenter/pge_BatchPaymentEntry/screen_MultiplePaymentWizard/txt_BatchAmount"), Keys.chord(TAB)): Keys 'TAB + ' sent to object: 'Object Repository/BillingCenter/pge_BatchPaymentEntry/screen_MultiplePaymentWizard/txt_BatchAmount'

2023-08-06 22:45:57 - [MESSAGE][PASSED] - Keys 'TAB + ' sent to object: 'Object Repository/BillingCenter/pge_BatchPaymentEntry/screen_MultiplePaymentWizard/txt_BatchAmount'

2023-08-06 22:45:57 - [TEST_STEP][PASSED] - selectOptionByLabel(findTestObject("BillingCenter/pge_BatchPaymentEntry/screen_MultiplePaymentWizard/lst_Type"), Type, false, CONTINUE_ON_FAILURE): All options with label 'Payment' are selected in object 'Object Repository/BillingCenter/pge_BatchPaymentEntry/screen_MultiplePaymentWizard/lst_Type' 

2023-08-06 22:45:58 - [MESSAGE][PASSED] - All options with label 'Payment' are selected in object 'Object Repository/BillingCenter/pge_BatchPaymentEntry/screen_MultiplePaymentWizard/lst_Type' 

2023-08-06 22:45:58 - [TEST_STEP][PASSED] - verifyElementVisible(findTestObject("BillingCenter/pge_BatchPaymentEntry/screen_MultiplePaymentWizard/txt_Invoice"), CONTINUE_ON_FAILURE): Object 'Object Repository/BillingCenter/pge_BatchPaymentEntry/screen_MultiplePaymentWizard/txt_Invoice' is visible

2023-08-06 22:45:58 - [MESSAGE][PASSED] - Object 'Object Repository/BillingCenter/pge_BatchPaymentEntry/screen_MultiplePaymentWizard/txt_Invoice' is visible

2023-08-06 22:45:58 - [TEST_STEP][PASSED] - setText(findTestObject("BillingCenter/pge_BatchPaymentEntry/screen_MultiplePaymentWizard/txt_Invoice"), Invoice, CONTINUE_ON_FAILURE): Text '7000000702' is set on object 'Object Repository/BillingCenter/pge_BatchPaymentEntry/screen_MultiplePaymentWizard/txt_Invoice'

2023-08-06 22:46:00 - [MESSAGE][PASSED] - Text '7000000702' is set on object 'Object Repository/BillingCenter/pge_BatchPaymentEntry/screen_MultiplePaymentWizard/txt_Invoice'

2023-08-06 22:46:00 - [TEST_STEP][PASSED] - clearText(findTestObject("BillingCenter/pge_BatchPaymentEntry/screen_MultiplePaymentWizard/txt_Amount"), CONTINUE_ON_FAILURE): Text of object 'Object Repository/BillingCenter/pge_BatchPaymentEntry/screen_MultiplePaymentWizard/txt_Amount' is cleared

2023-08-06 22:46:00 - [MESSAGE][PASSED] - Text of object 'Object Repository/BillingCenter/pge_BatchPaymentEntry/screen_MultiplePaymentWizard/txt_Amount' is cleared

2023-08-06 22:46:00 - [TEST_STEP][PASSED] - setText(findTestObject("BillingCenter/pge_BatchPaymentEntry/screen_MultiplePaymentWizard/txt_Amount"), Amount, CONTINUE_ON_FAILURE): Text '10' is set on object 'Object Repository/BillingCenter/pge_BatchPaymentEntry/screen_MultiplePaymentWizard/txt_Amount'

2023-08-06 22:46:01 - [MESSAGE][PASSED] - Text '10' is set on object 'Object Repository/BillingCenter/pge_BatchPaymentEntry/screen_MultiplePaymentWizard/txt_Amount'

2023-08-06 22:46:01 - [TEST_STEP][PASSED] - sendKeys(findTestObject("BillingCenter/pge_BatchPaymentEntry/screen_MultiplePaymentWizard/txt_Amount"), Keys.chord(TAB)): Keys 'TAB + ' sent to object: 'Object Repository/BillingCenter/pge_BatchPaymentEntry/screen_MultiplePaymentWizard/txt_Amount'

2023-08-06 22:46:02 - [MESSAGE][PASSED] - Keys 'TAB + ' sent to object: 'Object Repository/BillingCenter/pge_BatchPaymentEntry/screen_MultiplePaymentWizard/txt_Amount'

2023-08-06 22:46:02 - [TEST_STEP][PASSED] - verifyElementVisible(findTestObject("BillingCenter/pge_BatchPaymentEntry/screen_MultiplePaymentWizard/txt_CheckRef"), CONTINUE_ON_FAILURE): Object 'Object Repository/BillingCenter/pge_BatchPaymentEntry/screen_MultiplePaymentWizard/txt_CheckRef' is visible

2023-08-06 22:46:02 - [MESSAGE][PASSED] - Object 'Object Repository/BillingCenter/pge_BatchPaymentEntry/screen_MultiplePaymentWizard/txt_CheckRef' is visible

2023-08-06 22:46:02 - [TEST_STEP][PASSED] - setText(findTestObject("BillingCenter/pge_BatchPaymentEntry/screen_MultiplePaymentWizard/txt_CheckRef"), CheckRef, CONTINUE_ON_FAILURE): Text '5566778899' is set on object 'Object Repository/BillingCenter/pge_BatchPaymentEntry/screen_MultiplePaymentWizard/txt_CheckRef'

2023-08-06 22:46:03 - [MESSAGE][PASSED] - Text '5566778899' is set on object 'Object Repository/BillingCenter/pge_BatchPaymentEntry/screen_MultiplePaymentWizard/txt_CheckRef'

2023-08-06 22:46:03 - [TEST_STEP][PASSED] - setText(findTestObject("BillingCenter/pge_BatchPaymentEntry/screen_MultiplePaymentWizard/txt_Description"), Description, CONTINUE_ON_FAILURE): Text 'Payment on invoice level' is set on object 'Object Repository/BillingCenter/pge_BatchPaymentEntry/screen_MultiplePaymentWizard/txt_Description'

2023-08-06 22:46:04 - [MESSAGE][PASSED] - Text 'Payment on invoice level' is set on object 'Object Repository/BillingCenter/pge_BatchPaymentEntry/screen_MultiplePaymentWizard/txt_Description'

[...]

2023-08-06 22:49:48 - [TEST_STEP][PASSED] - mouseOver(findTestObject("BillingCenter/pge_BatchPaymentEntry/pge_Navigation/act_NewPayment")): Object: 'Object Repository/BillingCenter/pge_BatchPaymentEntry/pge_Navigation/act_NewPayment' is hovered

2023-08-06 22:49:48 - [MESSAGE][PASSED] - Object: 'Object Repository/BillingCenter/pge_BatchPaymentEntry/pge_Navigation/act_NewPayment' is hovered

2023-08-06 22:49:48 - [TEST_STEP][PASSED] - click(findTestObject("BillingCenter/pge_BatchPaymentEntry/pge_Navigation/opt_newPayment _BatchPaymentEntry")): Object: 'Object Repository/BillingCenter/pge_BatchPaymentEntry/pge_Navigation/opt_newPayment _BatchPaymentEntry' is clicked on

2023-08-06 22:49:49 - [MESSAGE][PASSED] - Object: 'Object Repository/BillingCenter/pge_BatchPaymentEntry/pge_Navigation/opt_newPayment _BatchPaymentEntry' is clicked on

2023-08-06 22:49:49 - [MESSAGE][PASSED] - Call Test Case 'Test Cases/BillingCenter/BatchPaymentEntry/BC_NavigateBatchPaymentEntryScreen' successfully

2023-08-06 22:49:49 - [TEST_STEP][PASSED] - for (def index : (0..0)): null

2023-08-06 22:49:49 - [TEST_STEP][ERROR] - Start listener action : gwAfterTestCase: org.codehaus.groovy.runtime.InvokerInvocationException: java.io.FileNotFoundException: C:\QA Scripts\emc.guidewire.katalon.updated\GW10 Automation\Reports\Execution Status.xlsx (The system cannot find the file specified)
	at GWListener.invokeMethod(GWListener.groovy)
	at com.kms.katalon.core.context.internal.TestHooker.invokeMethod(TestHooker.java:111)
	at com.kms.katalon.core.context.internal.TestHooker.lambda$3(TestHooker.java:95)
	at com.kms.katalon.core.context.internal.TestHooker.invokeContextMethods(TestHooker.java:94)
	at com.kms.katalon.core.context.internal.TestListenerCollector.lambda$3(TestListenerCollector.java:88)
	at com.kms.katalon.core.context.internal.TestListenerCollector.handleListenerEvent(TestListenerCollector.java:85)
	at com.kms.katalon.core.context.internal.ExecutionEventManager.publicEvent(ExecutionEventManager.java:36)
	at com.kms.katalon.core.main.TestCaseExecutor.execute(TestCaseExecutor.java:251)
	at com.kms.katalon.core.main.TestSuiteExecutor.accessTestCaseMainPhase(TestSuiteExecutor.java:191)
	at com.kms.katalon.core.main.TestSuiteExecutor.accessTestSuiteMainPhase(TestSuiteExecutor.java:141)
	at com.kms.katalon.core.main.TestSuiteExecutor.execute(TestSuiteExecutor.java:90)
	at com.kms.katalon.core.main.TestCaseMain.startTestSuite(TestCaseMain.java:157)
	at com.kms.katalon.core.main.TestCaseMain$startTestSuite$0.call(Unknown Source)
	at TempTestSuite1691342079987.run(TempTestSuite1691342079987.groovy:39)
Caused by: java.io.FileNotFoundException: C:\QA Scripts\emc.guidewire.katalon.updated\GW10 Automation\Reports\Execution Status.xlsx (The system cannot find the file specified)
	at common.Excel.getColumnNumber(Excel.groovy:69)
	at common.Excel.WirteToExcel(Excel.groovy:95)
	at common.Excel$WirteToExcel$0.call(Unknown Source)
	at GWListener.gwAfterTestCase(GWListener.groovy:137)
	... 14 more


2023-08-06 22:49:49 - [TEST_STEP][PASSED] - tc_end_Time = System.currentTimeMillis(): null

2023-08-06 22:49:49 - [TEST_STEP][PASSED] - date_tc_end_Time = dateformat.format(tc_end_Time): null

2023-08-06 22:49:49 - [TEST_STEP][PASSED] - (tempRowNum++): null

2023-08-06 22:49:49 - [TEST_STEP][PASSED] - testCaseID = testCaseContext.getTestCaseId(): null

2023-08-06 22:49:49 - [TEST_STEP][PASSED] - testCase = findTestCase(testCaseID): null

2023-08-06 22:49:49 - [TEST_STEP][PASSED] - testCaseName = testCase.getName(): null

2023-08-06 22:49:49 - [TEST_STEP][PASSED] - switch (testCaseContext.getTestCaseStatus()): null

2023-08-06 22:49:49 - [TEST_STEP][PASSED] - case "PASSED":: null

2023-08-06 22:49:49 - [TEST_STEP][PASSED] - (passedCnt++): null

2023-08-06 22:49:49 - [TEST_STEP][PASSED] - break: null

2023-08-06 22:49:49 - [TEST_STEP][PASSED] - if (testCaseName == "GenerateAndSendReport"): null

2023-08-06 22:49:49 - [TEST_STEP][PASSED] - if (testCaseName == "GenerateAndSaveReport"): null

2023-08-06 22:49:49 - [TEST_STEP][PASSED] - if (testCaseName == "GenerateTimeReport"): null

2023-08-06 22:49:49 - [TEST_STEP][ERROR] - if (!(testCaseName.contains("Submission")) && !(testCaseName.contains("Issurance")) && !(testCaseName.contains("NewAccount")) && !(testCaseName.contains("FNOL")) && !(testCaseName.contains("QuickClaim")) && !(testCaseName.contains("verify"))): org.codehaus.groovy.runtime.InvokerInvocationException: java.io.FileNotFoundException: C:\QA Scripts\emc.guidewire.katalon.updated\GW10 Automation\Reports\Execution Status.xlsx (The system cannot find the file specified)
	at GWListener.invokeMethod(GWListener.groovy)
	at com.kms.katalon.core.context.internal.TestHooker.invokeMethod(TestHooker.java:111)
	at com.kms.katalon.core.context.internal.TestHooker.lambda$3(TestHooker.java:95)
	at com.kms.katalon.core.context.internal.TestHooker.invokeContextMethods(TestHooker.java:94)
	at com.kms.katalon.core.context.internal.TestListenerCollector.lambda$3(TestListenerCollector.java:88)
	at com.kms.katalon.core.context.internal.TestListenerCollector.handleListenerEvent(TestListenerCollector.java:85)
	at com.kms.katalon.core.context.internal.ExecutionEventManager.publicEvent(ExecutionEventManager.java:36)
	at com.kms.katalon.core.main.TestCaseExecutor.execute(TestCaseExecutor.java:251)
	at com.kms.katalon.core.main.TestSuiteExecutor.accessTestCaseMainPhase(TestSuiteExecutor.java:191)
	at com.kms.katalon.core.main.TestSuiteExecutor.accessTestSuiteMainPhase(TestSuiteExecutor.java:141)
	at com.kms.katalon.core.main.TestSuiteExecutor.execute(TestSuiteExecutor.java:90)
	at com.kms.katalon.core.main.TestCaseMain.startTestSuite(TestCaseMain.java:157)
	at com.kms.katalon.core.main.TestCaseMain$startTestSuite$0.call(Unknown Source)
	at TempTestSuite1691342079987.run(TempTestSuite1691342079987.groovy:39)
Caused by: java.io.FileNotFoundException: C:\QA Scripts\emc.guidewire.katalon.updated\GW10 Automation\Reports\Execution Status.xlsx (The system cannot find the file specified)
	at common.Excel.getColumnNumber(Excel.groovy:69)
	at common.Excel.WirteToExcel(Excel.groovy:95)
	at common.Excel$WirteToExcel$0.call(Unknown Source)
	at GWListener.gwAfterTestCase(GWListener.groovy:137)
	... 14 more


2023-08-06 22:49:49 - [MESSAGE][ERROR] - org.codehaus.groovy.runtime.InvokerInvocationException: java.io.FileNotFoundException: C:\QA Scripts\emc.guidewire.katalon.updated\GW10 Automation\Reports\Execution Status.xlsx (The system cannot find the file specified)
	at GWListener.invokeMethod(GWListener.groovy)
	at com.kms.katalon.core.context.internal.TestHooker.invokeMethod(TestHooker.java:111)
	at com.kms.katalon.core.context.internal.TestHooker.lambda$3(TestHooker.java:95)
	at com.kms.katalon.core.context.internal.TestHooker.invokeContextMethods(TestHooker.java:94)
	at com.kms.katalon.core.context.internal.TestListenerCollector.lambda$3(TestListenerCollector.java:88)
	at com.kms.katalon.core.context.internal.TestListenerCollector.handleListenerEvent(TestListenerCollector.java:85)
	at com.kms.katalon.core.context.internal.ExecutionEventManager.publicEvent(ExecutionEventManager.java:36)
	at com.kms.katalon.core.main.TestCaseExecutor.execute(TestCaseExecutor.java:251)
	at com.kms.katalon.core.main.TestSuiteExecutor.accessTestCaseMainPhase(TestSuiteExecutor.java:191)
	at com.kms.katalon.core.main.TestSuiteExecutor.accessTestSuiteMainPhase(TestSuiteExecutor.java:141)
	at com.kms.katalon.core.main.TestSuiteExecutor.execute(TestSuiteExecutor.java:90)
	at com.kms.katalon.core.main.TestCaseMain.startTestSuite(TestCaseMain.java:157)
	at com.kms.katalon.core.main.TestCaseMain$startTestSuite$0.call(Unknown Source)
	at TempTestSuite1691342079987.run(TempTestSuite1691342079987.groovy:39)
Caused by: java.io.FileNotFoundException: C:\QA Scripts\emc.guidewire.katalon.updated\GW10 Automation\Reports\Execution Status.xlsx (The system cannot find the file specified)
	at common.Excel.getColumnNumber(Excel.groovy:69)
	at common.Excel.WirteToExcel(Excel.groovy:95)
	at common.Excel$WirteToExcel$0.call(Unknown Source)
	at GWListener.gwAfterTestCase(GWListener.groovy:137)
	... 14 more


2023-08-06 22:49:51 - [TEST_STEP][PASSED] - Video: Video recording for test case 'Test Cases/BillingCenter/BatchPaymentEntry/BC_MultiplePaymentEntryandVerification_Split' .

2023-08-06 22:49:51 - [MESSAGE][INFO] - Video recording for test case 'Test Cases/BillingCenter/BatchPaymentEntry/BC_MultiplePaymentEntryandVerification_Split' .
[[ATTACHMENT|C:\\QA Scripts\\emc.guidewire.katalon.updated\\GW10 Automation\\Reports\\20230806_224439\\BillingCenter\\BatchPaymentEntry\\20230806_224439/videos\\test_10.avi]]]]></system-out>
         <system-err><![CDATA[]]></system-err>
      </testcase>
      <testcase name="Test Cases/BillingCenter/Common/BC_Logout" time="7.601" classname="Test Cases/BillingCenter/Common/BC_Logout" status="PASSED">
         <system-out><![CDATA[2023-08-06 22:49:51 - [TEST_CASE][PASSED] - Test Cases/BillingCenter/Common/BC_Logout: Test Cases/BillingCenter/Common/BC_Logout

2023-08-06 22:49:51 - [TEST_STEP][PASSED] - Start listener action : gwBeforeTestCase: null

2023-08-06 22:49:51 - [TEST_STEP][PASSED] - if (Env_TestCaseId == testCaseContext.getTestCaseId()): null

2023-08-06 22:49:51 - [TEST_STEP][PASSED] - else: null

2023-08-06 22:49:51 - [TEST_STEP][PASSED] - iteration = 1: null

2023-08-06 22:49:51 - [TEST_STEP][PASSED] - Env_Iteration = iteration: null

2023-08-06 22:49:51 - [TEST_STEP][PASSED] - Env_TestCaseId = testCaseContext.getTestCaseId(): null

2023-08-06 22:49:51 - [TEST_STEP][PASSED] - Env_TestCaseVariables = testCaseContext.getTestCaseVariables(): null

2023-08-06 22:49:51 - [TEST_STEP][PASSED] - tc_start_Time = System.currentTimeMillis(): null

2023-08-06 22:49:51 - [TEST_STEP][PASSED] - date_tc_start_Time = dateformat.format(tc_start_Time): null

2023-08-06 22:49:51 - [TEST_STEP][PASSED] - callTestCase(findTestCase("Common/GW_Logout"), [:], STOP_ON_FAILURE): Call Test Case 'Test Cases/Common/GW_Logout' successfully

2023-08-06 22:49:51 - [TEST_CASE][PASSED] - Test Cases/Common/GW_Logout: Test Cases/Common/GW_Logout

2023-08-06 22:49:52 - [TEST_STEP][PASSED] - gw.Actions.Click(findTestObject("Common/pge_Common/btn_TabMenu")): gw.Actions.Click is PASSED

2023-08-06 22:49:52 - [MESSAGE][PASSED] - Wait for page load successfully

2023-08-06 22:49:52 - [MESSAGE][PASSED] - Object 'Object Repository/Common/pge_Common/btn_TabMenu' is clickable

2023-08-06 22:49:52 - [MESSAGE][PASSED] - Object: 'Object Repository/Common/pge_Common/btn_TabMenu' is clicked on

2023-08-06 22:49:52 - [MESSAGE][PASSED] - gw.Actions.Click is PASSED

2023-08-06 22:49:52 - [TEST_STEP][PASSED] - gw.Actions.Click(findTestObject("Common/pge_Common/btn_LogOut")): gw.Actions.Click is PASSED

2023-08-06 22:49:52 - [MESSAGE][PASSED] - Wait for page load successfully

2023-08-06 22:49:53 - [MESSAGE][PASSED] - Object 'Object Repository/Common/pge_Common/btn_LogOut' is clickable

2023-08-06 22:49:53 - [MESSAGE][PASSED] - Object: 'Object Repository/Common/pge_Common/btn_LogOut' is clicked on

2023-08-06 22:49:53 - [MESSAGE][PASSED] - gw.Actions.Click is PASSED

2023-08-06 22:49:53 - [TEST_STEP][PASSED] - acceptAlert(OPTIONAL): Alert accepted

2023-08-06 22:49:53 - [MESSAGE][PASSED] - Alert accepted

2023-08-06 22:49:53 - [TEST_STEP][PASSED] - if (!(verifyElementPresent(findTestObject("Common/pge_LoginScreen/btn_LogIn"), gWaitTimeOut, OPTIONAL))): Object 'Object Repository/Common/pge_LoginScreen/btn_LogIn' is present

2023-08-06 22:49:55 - [MESSAGE][PASSED] - Object 'Object Repository/Common/pge_LoginScreen/btn_LogIn' is present

2023-08-06 22:49:55 - [TEST_STEP][PASSED] - verifyElementPresent(findTestObject("Common/pge_LoginScreen/btn_LogIn"), gWaitTimeOut): Object 'Object Repository/Common/pge_LoginScreen/btn_LogIn' is present

2023-08-06 22:49:55 - [MESSAGE][PASSED] - Object 'Object Repository/Common/pge_LoginScreen/btn_LogIn' is present

2023-08-06 22:49:55 - [TEST_STEP][PASSED] - closeBrowser(): Browser is closed

2023-08-06 22:49:56 - [MESSAGE][PASSED] - Browser is closed

2023-08-06 22:49:56 - [MESSAGE][PASSED] - Call Test Case 'Test Cases/Common/GW_Logout' successfully

2023-08-06 22:49:56 - [TEST_STEP][ERROR] - Start listener action : gwAfterTestCase: org.codehaus.groovy.runtime.InvokerInvocationException: java.io.FileNotFoundException: C:\QA Scripts\emc.guidewire.katalon.updated\GW10 Automation\Reports\Execution Status.xlsx (The system cannot find the file specified)
	at GWListener.invokeMethod(GWListener.groovy)
	at com.kms.katalon.core.context.internal.TestHooker.invokeMethod(TestHooker.java:111)
	at com.kms.katalon.core.context.internal.TestHooker.lambda$3(TestHooker.java:95)
	at com.kms.katalon.core.context.internal.TestHooker.invokeContextMethods(TestHooker.java:94)
	at com.kms.katalon.core.context.internal.TestListenerCollector.lambda$3(TestListenerCollector.java:88)
	at com.kms.katalon.core.context.internal.TestListenerCollector.handleListenerEvent(TestListenerCollector.java:85)
	at com.kms.katalon.core.context.internal.ExecutionEventManager.publicEvent(ExecutionEventManager.java:36)
	at com.kms.katalon.core.main.TestCaseExecutor.execute(TestCaseExecutor.java:251)
	at com.kms.katalon.core.main.TestSuiteExecutor.accessTestCaseMainPhase(TestSuiteExecutor.java:191)
	at com.kms.katalon.core.main.TestSuiteExecutor.accessTestSuiteMainPhase(TestSuiteExecutor.java:141)
	at com.kms.katalon.core.main.TestSuiteExecutor.execute(TestSuiteExecutor.java:90)
	at com.kms.katalon.core.main.TestCaseMain.startTestSuite(TestCaseMain.java:157)
	at com.kms.katalon.core.main.TestCaseMain$startTestSuite$0.call(Unknown Source)
	at TempTestSuite1691342079987.run(TempTestSuite1691342079987.groovy:39)
Caused by: java.io.FileNotFoundException: C:\QA Scripts\emc.guidewire.katalon.updated\GW10 Automation\Reports\Execution Status.xlsx (The system cannot find the file specified)
	at common.Excel.getColumnNumber(Excel.groovy:69)
	at common.Excel.WirteToExcel(Excel.groovy:95)
	at common.Excel$WirteToExcel$0.call(Unknown Source)
	at GWListener.gwAfterTestCase(GWListener.groovy:137)
	... 14 more


2023-08-06 22:49:56 - [TEST_STEP][PASSED] - tc_end_Time = System.currentTimeMillis(): null

2023-08-06 22:49:56 - [TEST_STEP][PASSED] - date_tc_end_Time = dateformat.format(tc_end_Time): null

2023-08-06 22:49:56 - [TEST_STEP][PASSED] - (tempRowNum++): null

2023-08-06 22:49:56 - [TEST_STEP][PASSED] - testCaseID = testCaseContext.getTestCaseId(): null

2023-08-06 22:49:56 - [TEST_STEP][PASSED] - testCase = findTestCase(testCaseID): null

2023-08-06 22:49:56 - [TEST_STEP][PASSED] - testCaseName = testCase.getName(): null

2023-08-06 22:49:56 - [TEST_STEP][PASSED] - switch (testCaseContext.getTestCaseStatus()): null

2023-08-06 22:49:56 - [TEST_STEP][PASSED] - case "PASSED":: null

2023-08-06 22:49:56 - [TEST_STEP][PASSED] - (passedCnt++): null

2023-08-06 22:49:56 - [TEST_STEP][PASSED] - break: null

2023-08-06 22:49:56 - [TEST_STEP][PASSED] - if (testCaseName == "GenerateAndSendReport"): null

2023-08-06 22:49:56 - [TEST_STEP][PASSED] - if (testCaseName == "GenerateAndSaveReport"): null

2023-08-06 22:49:56 - [TEST_STEP][PASSED] - if (testCaseName == "GenerateTimeReport"): null

2023-08-06 22:49:56 - [TEST_STEP][ERROR] - if (!(testCaseName.contains("Submission")) && !(testCaseName.contains("Issurance")) && !(testCaseName.contains("NewAccount")) && !(testCaseName.contains("FNOL")) && !(testCaseName.contains("QuickClaim")) && !(testCaseName.contains("verify"))): org.codehaus.groovy.runtime.InvokerInvocationException: java.io.FileNotFoundException: C:\QA Scripts\emc.guidewire.katalon.updated\GW10 Automation\Reports\Execution Status.xlsx (The system cannot find the file specified)
	at GWListener.invokeMethod(GWListener.groovy)
	at com.kms.katalon.core.context.internal.TestHooker.invokeMethod(TestHooker.java:111)
	at com.kms.katalon.core.context.internal.TestHooker.lambda$3(TestHooker.java:95)
	at com.kms.katalon.core.context.internal.TestHooker.invokeContextMethods(TestHooker.java:94)
	at com.kms.katalon.core.context.internal.TestListenerCollector.lambda$3(TestListenerCollector.java:88)
	at com.kms.katalon.core.context.internal.TestListenerCollector.handleListenerEvent(TestListenerCollector.java:85)
	at com.kms.katalon.core.context.internal.ExecutionEventManager.publicEvent(ExecutionEventManager.java:36)
	at com.kms.katalon.core.main.TestCaseExecutor.execute(TestCaseExecutor.java:251)
	at com.kms.katalon.core.main.TestSuiteExecutor.accessTestCaseMainPhase(TestSuiteExecutor.java:191)
	at com.kms.katalon.core.main.TestSuiteExecutor.accessTestSuiteMainPhase(TestSuiteExecutor.java:141)
	at com.kms.katalon.core.main.TestSuiteExecutor.execute(TestSuiteExecutor.java:90)
	at com.kms.katalon.core.main.TestCaseMain.startTestSuite(TestCaseMain.java:157)
	at com.kms.katalon.core.main.TestCaseMain$startTestSuite$0.call(Unknown Source)
	at TempTestSuite1691342079987.run(TempTestSuite1691342079987.groovy:39)
Caused by: java.io.FileNotFoundException: C:\QA Scripts\emc.guidewire.katalon.updated\GW10 Automation\Reports\Execution Status.xlsx (The system cannot find the file specified)
	at common.Excel.getColumnNumber(Excel.groovy:69)
	at common.Excel.WirteToExcel(Excel.groovy:95)
	at common.Excel$WirteToExcel$0.call(Unknown Source)
	at GWListener.gwAfterTestCase(GWListener.groovy:137)
	... 14 more


2023-08-06 22:49:56 - [MESSAGE][ERROR] - org.codehaus.groovy.runtime.InvokerInvocationException: java.io.FileNotFoundException: C:\QA Scripts\emc.guidewire.katalon.updated\GW10 Automation\Reports\Execution Status.xlsx (The system cannot find the file specified)
	at GWListener.invokeMethod(GWListener.groovy)
	at com.kms.katalon.core.context.internal.TestHooker.invokeMethod(TestHooker.java:111)
	at com.kms.katalon.core.context.internal.TestHooker.lambda$3(TestHooker.java:95)
	at com.kms.katalon.core.context.internal.TestHooker.invokeContextMethods(TestHooker.java:94)
	at com.kms.katalon.core.context.internal.TestListenerCollector.lambda$3(TestListenerCollector.java:88)
	at com.kms.katalon.core.context.internal.TestListenerCollector.handleListenerEvent(TestListenerCollector.java:85)
	at com.kms.katalon.core.context.internal.ExecutionEventManager.publicEvent(ExecutionEventManager.java:36)
	at com.kms.katalon.core.main.TestCaseExecutor.execute(TestCaseExecutor.java:251)
	at com.kms.katalon.core.main.TestSuiteExecutor.accessTestCaseMainPhase(TestSuiteExecutor.java:191)
	at com.kms.katalon.core.main.TestSuiteExecutor.accessTestSuiteMainPhase(TestSuiteExecutor.java:141)
	at com.kms.katalon.core.main.TestSuiteExecutor.execute(TestSuiteExecutor.java:90)
	at com.kms.katalon.core.main.TestCaseMain.startTestSuite(TestCaseMain.java:157)
	at com.kms.katalon.core.main.TestCaseMain$startTestSuite$0.call(Unknown Source)
	at TempTestSuite1691342079987.run(TempTestSuite1691342079987.groovy:39)
Caused by: java.io.FileNotFoundException: C:\QA Scripts\emc.guidewire.katalon.updated\GW10 Automation\Reports\Execution Status.xlsx (The system cannot find the file specified)
	at common.Excel.getColumnNumber(Excel.groovy:69)
	at common.Excel.WirteToExcel(Excel.groovy:95)
	at common.Excel$WirteToExcel$0.call(Unknown Source)
	at GWListener.gwAfterTestCase(GWListener.groovy:137)
	... 14 more


2023-08-06 22:49:59 - [TEST_STEP][PASSED] - Video: Video recording for test case 'Test Cases/BillingCenter/Common/BC_Logout' .

2023-08-06 22:49:59 - [MESSAGE][INFO] - Video recording for test case 'Test Cases/BillingCenter/Common/BC_Logout' .
[[ATTACHMENT|C:\\QA Scripts\\emc.guidewire.katalon.updated\\GW10 Automation\\Reports\\20230806_224439\\BillingCenter\\BatchPaymentEntry\\20230806_224439/videos\\test_11.avi]]]]></system-out>
         <system-err><![CDATA[]]></system-err>
      </testcase>
      <system-out><![CDATA[2023-08-06 22:44:43 - [TEST_SUITE][PASSED] - BatchPaymentEntry: Test Cases/BillingCenter/Common/BC_Logout]]></system-out>
      <system-err><![CDATA[]]></system-err>
   </testsuite>
</testsuites>
